  cApp.cpp
  cMain.cpp
  Generating Code...
cApp.obj : error LNK2001: unresolved external symbol "protected: virtual class wxRefCounter * __cdecl wxObject::CreateRefData(void)const " (?CreateRefData@wxObject@@MEBAPEAVwxRefCounter@@XZ)
cMain.obj : error LNK2001: unresolved external symbol "protected: virtual class wxRefCounter * __cdecl wxObject::CreateRefData(void)const " (?CreateRefData@wxObject@@MEBAPEAVwxRefCounter@@XZ)
cApp.obj : error LNK2001: unresolved external symbol "protected: virtual class wxRefCounter * __cdecl wxObject::CloneRefData(class wxRefCounter const *)const " (?CloneRefData@wxObject@@MEBAPEAVwxRefCounter@@PEBV2@@Z)
cMain.obj : error LNK2001: unresolved external symbol "protected: virtual class wxRefCounter * __cdecl wxObject::CloneRefData(class wxRefCounter const *)const " (?CloneRefData@wxObject@@MEBAPEAVwxRefCounter@@PEBV2@@Z)
cApp.obj : error LNK2001: unresolved external symbol "public: virtual bool __cdecl wxEvtHandler::ProcessEvent(class wxEvent &)" (?ProcessEvent@wxEvtHandler@@UEAA_NAEAVwxEvent@@@Z)
cMain.obj : error LNK2001: unresolved external symbol "public: virtual bool __cdecl wxEvtHandler::ProcessEvent(class wxEvent &)" (?ProcessEvent@wxEvtHandler@@UEAA_NAEAVwxEvent@@@Z)
cApp.obj : error LNK2001: unresolved external symbol "public: virtual void __cdecl wxEvtHandler::QueueEvent(class wxEvent *)" (?QueueEvent@wxEvtHandler@@UEAAXPEAVwxEvent@@@Z)
cMain.obj : error LNK2001: unresolved external symbol "public: virtual void __cdecl wxEvtHandler::QueueEvent(class wxEvent *)" (?QueueEvent@wxEvtHandler@@UEAAXPEAVwxEvent@@@Z)
cApp.obj : error LNK2001: unresolved external symbol "public: virtual bool __cdecl wxEvtHandler::SearchEventTable(struct wxEventTable &,class wxEvent &)" (?SearchEventTable@wxEvtHandler@@UEAA_NAEAUwxEventTable@@AEAVwxEvent@@@Z)
cMain.obj : error LNK2001: unresolved external symbol "public: virtual bool __cdecl wxEvtHandler::SearchEventTable(struct wxEventTable &,class wxEvent &)" (?SearchEventTable@wxEvtHandler@@UEAA_NAEAUwxEventTable@@AEAVwxEvent@@@Z)
cApp.obj : error LNK2001: unresolved external symbol "protected: virtual bool __cdecl wxEvtHandler::TryBefore(class wxEvent &)" (?TryBefore@wxEvtHandler@@MEAA_NAEAVwxEvent@@@Z)
cApp.obj : error LNK2001: unresolved external symbol "protected: virtual bool __cdecl wxEvtHandler::TryAfter(class wxEvent &)" (?TryAfter@wxEvtHandler@@MEAA_NAEAVwxEvent@@@Z)
cApp.obj : error LNK2001: unresolved external symbol "protected: virtual void __cdecl wxEvtHandler::DoSetClientObject(class wxClientData *)" (?DoSetClientObject@wxEvtHandler@@MEAAXPEAVwxClientData@@@Z)
cMain.obj : error LNK2001: unresolved external symbol "protected: virtual void __cdecl wxEvtHandler::DoSetClientObject(class wxClientData *)" (?DoSetClientObject@wxEvtHandler@@MEAAXPEAVwxClientData@@@Z)
cApp.obj : error LNK2001: unresolved external symbol "protected: virtual class wxClientData * __cdecl wxEvtHandler::DoGetClientObject(void)const " (?DoGetClientObject@wxEvtHandler@@MEBAPEAVwxClientData@@XZ)
cMain.obj : error LNK2001: unresolved external symbol "protected: virtual class wxClientData * __cdecl wxEvtHandler::DoGetClientObject(void)const " (?DoGetClientObject@wxEvtHandler@@MEBAPEAVwxClientData@@XZ)
cApp.obj : error LNK2001: unresolved external symbol "protected: virtual void __cdecl wxEvtHandler::DoSetClientData(void *)" (?DoSetClientData@wxEvtHandler@@MEAAXPEAX@Z)
cMain.obj : error LNK2001: unresolved external symbol "protected: virtual void __cdecl wxEvtHandler::DoSetClientData(void *)" (?DoSetClientData@wxEvtHandler@@MEAAXPEAX@Z)
cApp.obj : error LNK2001: unresolved external symbol "protected: virtual void * __cdecl wxEvtHandler::DoGetClientData(void)const " (?DoGetClientData@wxEvtHandler@@MEBAPEAXXZ)
cMain.obj : error LNK2001: unresolved external symbol "protected: virtual void * __cdecl wxEvtHandler::DoGetClientData(void)const " (?DoGetClientData@wxEvtHandler@@MEBAPEAXXZ)
cApp.obj : error LNK2019: unresolved external symbol "int __cdecl wxEntry(struct HINSTANCE__ *,struct HINSTANCE__ *,char *,int)" (?wxEntry@@YAHPEAUHINSTANCE__@@0PEADH@Z) referenced in function WinMain
cApp.obj : error LNK2001: unresolved external symbol "public: virtual void __cdecl wxAppConsoleBase::OnLaunched(void)" (?OnLaunched@wxAppConsoleBase@@UEAAXXZ)
cApp.obj : error LNK2001: unresolved external symbol "public: virtual void __cdecl wxAppConsoleBase::Exit(void)" (?Exit@wxAppConsoleBase@@UEAAXXZ)
cApp.obj : error LNK2001: unresolved external symbol "public: virtual bool __cdecl wxAppConsoleBase::OnCmdLineHelp(class wxCmdLineParser &)" (?OnCmdLineHelp@wxAppConsoleBase@@UEAA_NAEAVwxCmdLineParser@@@Z)
cApp.obj : error LNK2001: unresolved external symbol "public: virtual bool __cdecl wxAppConsoleBase::OnCmdLineError(class wxCmdLineParser &)" (?OnCmdLineError@wxAppConsoleBase@@UEAA_NAEAVwxCmdLineParser@@@Z)
cApp.obj : error LNK2001: unresolved external symbol "public: virtual void __cdecl wxAppConsoleBase::SetCLocale(void)" (?SetCLocale@wxAppConsoleBase@@UEAAXXZ)
cApp.obj : error LNK2001: unresolved external symbol "public: virtual int __cdecl wxAppConsoleBase::FilterEvent(class wxEvent &)" (?FilterEvent@wxAppConsoleBase@@UEAAHAEAVwxEvent@@@Z)
cApp.obj : error LNK2001: unresolved external symbol "public: virtual void __cdecl wxAppConsoleBase::CallEventHandler(class wxEvtHandler *,class wxEventFunctor &,class wxEvent &)const " (?CallEventHandler@wxAppConsoleBase@@UEBAXPEAVwxEvtHandler@@AEAVwxEventFunctor@@AEAVwxEvent@@@Z)
cApp.obj : error LNK2001: unresolved external symbol "public: virtual void __cdecl wxAppConsoleBase::HandleEvent(class wxEvtHandler *,void (__cdecl wxEvtHandler::*)(class wxEvent &),class wxEvent &)const " (?HandleEvent@wxAppConsoleBase@@UEBAXPEAVwxEvtHandler@@P82@EAAXAEAVwxEvent@@@Z1@Z)
cApp.obj : error LNK2001: unresolved external symbol "public: virtual void __cdecl wxAppConsoleBase::OnUnhandledException(void)" (?OnUnhandledException@wxAppConsoleBase@@UEAAXXZ)
cApp.obj : error LNK2001: unresolved external symbol "public: virtual bool __cdecl wxAppConsoleBase::StoreCurrentException(void)" (?StoreCurrentException@wxAppConsoleBase@@UEAA_NXZ)
cApp.obj : error LNK2001: unresolved external symbol "public: virtual void __cdecl wxAppConsoleBase::RethrowStoredException(void)" (?RethrowStoredException@wxAppConsoleBase@@UEAAXXZ)
cApp.obj : error LNK2001: unresolved external symbol "public: virtual void __cdecl wxAppConsoleBase::ProcessPendingEvents(void)" (?ProcessPendingEvents@wxAppConsoleBase@@UEAAXXZ)
cApp.obj : error LNK2001: unresolved external symbol "public: virtual bool __cdecl wxAppConsoleBase::Pending(void)" (?Pending@wxAppConsoleBase@@UEAA_NXZ)
cApp.obj : error LNK2001: unresolved external symbol "public: virtual bool __cdecl wxAppConsoleBase::Dispatch(void)" (?Dispatch@wxAppConsoleBase@@UEAA_NXZ)
cApp.obj : error LNK2001: unresolved external symbol "public: virtual int __cdecl wxAppConsoleBase::MainLoop(void)" (?MainLoop@wxAppConsoleBase@@UEAAHXZ)
cApp.obj : error LNK2001: unresolved external symbol "public: virtual void __cdecl wxAppConsoleBase::ExitMainLoop(void)" (?ExitMainLoop@wxAppConsoleBase@@UEAAXXZ)
cApp.obj : error LNK2001: unresolved external symbol "public: virtual void __cdecl wxAppConsoleBase::OnAssertFailure(wchar_t const *,int,wchar_t const *,wchar_t const *,wchar_t const *)" (?OnAssertFailure@wxAppConsoleBase@@UEAAXPEB_WH000@Z)
cApp.obj : error LNK2001: unresolved external symbol "public: virtual void __cdecl wxAppConsoleBase::OnAssert(wchar_t const *,int,wchar_t const *,wchar_t const *)" (?OnAssert@wxAppConsoleBase@@UEAAXPEB_WH00@Z)
cApp.obj : error LNK2019: unresolved external symbol "public: static bool __cdecl wxAppConsoleBase::CheckBuildOptions(char const *,char const *)" (?CheckBuildOptions@wxAppConsoleBase@@SA_NPEBD0@Z) referenced in function "class wxAppConsole * __cdecl wxCreateApp(void)" (?wxCreateApp@@YAPEAVwxAppConsole@@XZ)
cApp.obj : error LNK2001: unresolved external symbol "public: virtual bool __cdecl wxAppBase::OnInitGui(void)" (?OnInitGui@wxAppBase@@UEAA_NXZ)
cApp.obj : error LNK2001: unresolved external symbol "public: virtual int __cdecl wxAppBase::OnRun(void)" (?OnRun@wxAppBase@@UEAAHXZ)
cApp.obj : error LNK2001: unresolved external symbol "public: virtual int __cdecl wxAppBase::OnExit(void)" (?OnExit@wxAppBase@@UEAAHXZ)
cApp.obj : error LNK2001: unresolved external symbol "public: virtual bool __cdecl wxAppBase::SafeYield(class wxWindow *,bool)" (?SafeYield@wxAppBase@@UEAA_NPEAVwxWindow@@_N@Z)
cApp.obj : error LNK2001: unresolved external symbol "public: virtual bool __cdecl wxAppBase::SafeYieldFor(class wxWindow *,long)" (?SafeYieldFor@wxAppBase@@UEAA_NPEAVwxWindow@@J@Z)
cApp.obj : error LNK2001: unresolved external symbol "public: virtual bool __cdecl wxAppBase::ProcessIdle(void)" (?ProcessIdle@wxAppBase@@UEAA_NXZ)
cApp.obj : error LNK2001: unresolved external symbol "public: virtual class wxWindow * __cdecl wxAppBase::GetTopWindow(void)const " (?GetTopWindow@wxAppBase@@UEBAPEAVwxWindow@@XZ)
cApp.obj : error LNK2001: unresolved external symbol "public: virtual struct wxVideoMode __cdecl wxAppBase::GetDisplayMode(void)const " (?GetDisplayMode@wxAppBase@@UEBA?AUwxVideoMode@@XZ)
cApp.obj : error LNK2001: unresolved external symbol "public: virtual enum wxLayoutDirection __cdecl wxAppBase::GetLayoutDirection(void)const " (?GetLayoutDirection@wxAppBase@@UEBA?AW4wxLayoutDirection@@XZ)
cApp.obj : error LNK2001: unresolved external symbol "public: virtual bool __cdecl wxAppBase::OnCmdLineParsed(class wxCmdLineParser &)" (?OnCmdLineParsed@wxAppBase@@UEAA_NAEAVwxCmdLineParser@@@Z)
cApp.obj : error LNK2001: unresolved external symbol "public: virtual void __cdecl wxAppBase::OnInitCmdLine(class wxCmdLineParser &)" (?OnInitCmdLine@wxAppBase@@UEAAXAEAVwxCmdLineParser@@@Z)
cApp.obj : error LNK2001: unresolved external symbol "public: virtual void __cdecl wxAppBase::SetActive(bool,class wxWindow *)" (?SetActive@wxAppBase@@UEAAX_NPEAVwxWindow@@@Z)
cApp.obj : error LNK2001: unresolved external symbol "protected: virtual class wxAppTraits * __cdecl wxAppBase::CreateTraits(void)" (?CreateTraits@wxAppBase@@MEAAPEAVwxAppTraits@@XZ)
cApp.obj : error LNK2019: unresolved external symbol "public: __cdecl wxApp::wxApp(void)" (??0wxApp@@QEAA@XZ) referenced in function "public: __cdecl cApp::cApp(void)" (??0cApp@@QEAA@XZ)
cApp.obj : error LNK2019: unresolved external symbol "public: virtual __cdecl wxApp::~wxApp(void)" (??1wxApp@@UEAA@XZ) referenced in function "public: virtual __cdecl cApp::~cApp(void)" (??1cApp@@UEAA@XZ)
cApp.obj : error LNK2001: unresolved external symbol "public: virtual bool __cdecl wxApp::Initialize(int &,wchar_t * *)" (?Initialize@wxApp@@UEAA_NAEAHPEAPEA_W@Z)
cApp.obj : error LNK2001: unresolved external symbol "public: virtual void __cdecl wxApp::CleanUp(void)" (?CleanUp@wxApp@@UEAAXXZ)
cApp.obj : error LNK2001: unresolved external symbol "public: virtual void __cdecl wxApp::WakeUpIdle(void)" (?WakeUpIdle@wxApp@@UEAAXXZ)
cApp.obj : error LNK2001: unresolved external symbol "public: virtual bool __cdecl wxApp::OnExceptionInMainLoop(void)" (?OnExceptionInMainLoop@wxApp@@UEAA_NXZ)
cApp.obj : error LNK2001: unresolved external symbol "protected: virtual struct wxEventTable const * __cdecl wxApp::GetEventTable(void)const " (?GetEventTable@wxApp@@MEBAPEBUwxEventTable@@XZ)
cApp.obj : error LNK2001: unresolved external symbol "protected: virtual class wxEventHashTable & __cdecl wxApp::GetEventHashTable(void)const " (?GetEventHashTable@wxApp@@MEBAAEAVwxEventHashTable@@XZ)
cApp.obj : error LNK2001: unresolved external symbol "public: virtual class wxClassInfo * __cdecl wxApp::GetClassInfo(void)const " (?GetClassInfo@wxApp@@UEBAPEAVwxClassInfo@@XZ)
cApp.obj : error LNK2001: unresolved external symbol "protected: static class wxAppConsole * (__cdecl* wxAppConsoleBase::ms_appInitFn)(void)" (?ms_appInitFn@wxAppConsoleBase@@1P6APEAVwxAppConsole@@XZEA)
cApp.obj : error LNK2001: unresolved external symbol "protected: static class wxAppConsole * wxAppConsoleBase::ms_appInstance" (?ms_appInstance@wxAppConsoleBase@@1PEAVwxAppConsole@@EA)
cMain.obj : error LNK2001: unresolved external symbol "protected: static struct wxEventTable const wxFrame::sm_eventTable" (?sm_eventTable@wxFrame@@1UwxEventTable@@B)
cMain.obj : error LNK2019: unresolved external symbol "void __cdecl wxOnAssert(char const *,int,char const *,char const *,char const *)" (?wxOnAssert@@YAXPEBDH000@Z) referenced in function "public: __cdecl wxEventFunctorMethod<class wxEventTypeTag<class wxCommandEvent>,class cMain,class wxCommandEvent,class cMain>::wxEventFunctorMethod<class wxEventTypeTag<class wxCommandEvent>,class cMain,class wxCommandEvent,class cMain>(void (__cdecl cMain::*)(class wxCommandEvent &),class cMain *)" (??0?$wxEventFunctorMethod@V?$wxEventTypeTag@VwxCommandEvent@@@@VcMain@@VwxCommandEvent@@V2@@@QEAA@P8cMain@@EAAXAEAVwxCommandEvent@@@ZPEAV1@@Z)
cMain.obj : error LNK2019: unresolved external symbol "void __cdecl wxOnAssert(char const *,int,char const *,char const *,wchar_t const *)" (?wxOnAssert@@YAXPEBDH00PEB_W@Z) referenced in function "protected: virtual class wxGDIRefData * __cdecl wxGDIImage::CloneGDIRefData(class wxGDIRefData const *)const " (?CloneGDIRefData@wxGDIImage@@MEBAPEAVwxGDIRefData@@PEBV2@@Z)
cMain.obj : error LNK2019: unresolved external symbol "struct wxPrivate::UntypedBufferData * __cdecl wxPrivate::GetUntypedNullData(void)" (?GetUntypedNullData@wxPrivate@@YAPEAUUntypedBufferData@1@XZ) referenced in function "protected: static struct wxScopedCharTypeBuffer<wchar_t>::Data * __cdecl wxScopedCharTypeBuffer<wchar_t>::GetNullData(void)" (?GetNullData@?$wxScopedCharTypeBuffer@_W@@KAPEAUData@1@XZ)
cMain.obj : error LNK2019: unresolved external symbol "class wxMBConv * __cdecl wxGet_wxConvLibcPtr(void)" (?wxGet_wxConvLibcPtr@@YAPEAVwxMBConv@@XZ) referenced in function "class wxMBConv & __cdecl wxGet_wxConvLibc(void)" (?wxGet_wxConvLibc@@YAAEAVwxMBConv@@XZ)
cMain.obj : error LNK2019: unresolved external symbol "private: static struct wxString::SubstrBufFromType<class wxScopedCharTypeBuffer<wchar_t> > __cdecl wxString::ConvertStr(char const *,unsigned __int64,class wxMBConv const &)" (?ConvertStr@wxString@@CA?AU?$SubstrBufFromType@V?$wxScopedCharTypeBuffer@_W@@@1@PEBD_KAEBVwxMBConv@@@Z) referenced in function "private: static struct wxString::SubstrBufFromType<class wxScopedCharTypeBuffer<wchar_t> > __cdecl wxString::ImplStr(char const *,unsigned __int64,class wxMBConv const &)" (?ImplStr@wxString@@CA?AU?$SubstrBufFromType@V?$wxScopedCharTypeBuffer@_W@@@1@PEBD_KAEBVwxMBConv@@@Z)
cMain.obj : error LNK2019: unresolved external symbol "public: static class wxString __cdecl wxString::FromAscii(char const *)" (?FromAscii@wxString@@SA?AV1@PEBD@Z) referenced in function "public: __cdecl cMain::cMain(void)" (??0cMain@@QEAA@XZ)
cMain.obj : error LNK2019: unresolved external symbol "public: void __cdecl wxObject::Ref(class wxObject const &)" (?Ref@wxObject@@QEAAXAEBV1@@Z) referenced in function "public: class wxObject & __cdecl wxObject::operator=(class wxObject const &)" (??4wxObject@@QEAAAEAV0@AEBV0@@Z)
cMain.obj : error LNK2019: unresolved external symbol "public: void __cdecl wxObject::UnRef(void)" (?UnRef@wxObject@@QEAAXXZ) referenced in function "public: virtual __cdecl wxObject::~wxObject(void)" (??1wxObject@@UEAA@XZ)
cMain.obj : error LNK2001: unresolved external symbol "public: virtual class wxClassInfo * __cdecl wxObject::GetClassInfo(void)const " (?GetClassInfo@wxObject@@UEBAPEAVwxClassInfo@@XZ)
cMain.obj : error LNK2001: unresolved external symbol "public: virtual class wxClassInfo * __cdecl wxGDIObject::GetClassInfo(void)const " (?GetClassInfo@wxGDIObject@@UEBAPEAVwxClassInfo@@XZ)
cMain.obj : error LNK2001: unresolved external symbol "public: virtual bool __cdecl wxGDIImage::FreeResource(bool)" (?FreeResource@wxGDIImage@@UEAA_N_N@Z)
cMain.obj : error LNK2001: unresolved external symbol "public: virtual void * __cdecl wxGDIImage::GetResourceHandle(void)const " (?GetResourceHandle@wxGDIImage@@UEBAPEAXXZ)
cMain.obj : error LNK2019: unresolved external symbol "public: virtual __cdecl wxEventFunctor::~wxEventFunctor(void)" (??1wxEventFunctor@@UEAA@XZ) referenced in function "int `public: __cdecl wxEventFunctorMethod<class wxEventTypeTag<class wxCommandEvent>,class cMain,class wxCommandEvent,class cMain>::wxEventFunctorMethod<class wxEventTypeTag<class wxCommandEvent>,class cMain,class wxCommandEvent,class cMain>(void (__cdecl cMain::*)(class wxCommandEvent &),class wxEventFunctorMethod<class wxEventTypeTag<class wxCommandEvent>,class cMain,class wxCommandEvent,class cMain> *)'::`1'::dtor$0" (?dtor$0@?0???0?$wxEventFunctorMethod@V?$wxEventTypeTag@VwxCommandEvent@@@@VcMain@@VwxCommandEvent@@V2@@@QEAA@P8cMain@@EAAXAEAVwxCommandEvent@@@ZPEAV1@@Z@4HA)
cMain.obj : error LNK2019: unresolved external symbol "public: __cdecl wxEventHashTable::wxEventHashTable(struct wxEventTable const &)" (??0wxEventHashTable@@QEAA@AEBUwxEventTable@@@Z) referenced in function "void __cdecl `dynamic initializer for 'protected: static class wxEventHashTable cMain::sm_eventHashTable''(void)" (??__E?sm_eventHashTable@cMain@@1VwxEventHashTable@@A@@YAXXZ)
cMain.obj : error LNK2019: unresolved external symbol "public: __cdecl wxEventHashTable::~wxEventHashTable(void)" (??1wxEventHashTable@@QEAA@XZ) referenced in function "void __cdecl `dynamic atexit destructor for 'protected: static class wxEventHashTable cMain::sm_eventHashTable''(void)" (??__F?sm_eventHashTable@cMain@@1VwxEventHashTable@@A@@YAXXZ)
cMain.obj : error LNK2019: unresolved external symbol "private: void __cdecl wxEvtHandler::DoBind(int,int,int,class wxEventFunctor *,class wxObject *)" (?DoBind@wxEvtHandler@@AEAAXHHHPEAVwxEventFunctor@@PEAVwxObject@@@Z) referenced in function "public: void __cdecl wxEvtHandler::Bind<class wxEventTypeTag<class wxCommandEvent>,class cMain,class wxCommandEvent,class cMain>(class wxEventTypeTag<class wxCommandEvent> const &,void (__cdecl cMain::*)(class wxCommandEvent &),class cMain *,int,int,class wxObject *)" (??$Bind@V?$wxEventTypeTag@VwxCommandEvent@@@@VcMain@@VwxCommandEvent@@V2@@wxEvtHandler@@QEAAXAEBV?$wxEventTypeTag@VwxCommandEvent@@@@P8cMain@@EAAXAEAVwxCommandEvent@@@ZPEAV2@HHPEAVwxObject@@@Z)
cMain.obj : error LNK2019: unresolved external symbol "public: virtual __cdecl wxFontBase::~wxFontBase(void)" (??1wxFontBase@@UEAA@XZ) referenced in function "int `public: __cdecl wxFont::wxFont(int,enum wxFontFamily,enum wxFontStyle,enum wxFontWeight,bool,class wxString const &,enum wxFontEncoding)'::`1'::dtor$0" (?dtor$0@?0???0wxFont@@QEAA@HW4wxFontFamily@@W4wxFontStyle@@W4wxFontWeight@@_NAEBVwxString@@W4wxFontEncoding@@@Z@4HA)
cMain.obj : error LNK2001: unresolved external symbol "public: virtual int __cdecl wxFontBase::GetPointSize(void)const " (?GetPointSize@wxFontBase@@UEBAHXZ)
cMain.obj : error LNK2001: unresolved external symbol "public: virtual class wxSize __cdecl wxFontBase::GetPixelSize(void)const " (?GetPixelSize@wxFontBase@@UEBA?AVwxSize@@XZ)
cMain.obj : error LNK2001: unresolved external symbol "public: virtual bool __cdecl wxFontBase::IsUsingSizeInPixels(void)const " (?IsUsingSizeInPixels@wxFontBase@@UEBA_NXZ)
cMain.obj : error LNK2001: unresolved external symbol "public: virtual enum wxFontWeight __cdecl wxFontBase::GetWeight(void)const " (?GetWeight@wxFontBase@@UEBA?AW4wxFontWeight@@XZ)
cMain.obj : error LNK2001: unresolved external symbol "public: virtual bool __cdecl wxFontBase::IsFixedWidth(void)const " (?IsFixedWidth@wxFontBase@@UEBA_NXZ)
cMain.obj : error LNK2001: unresolved external symbol "public: virtual void __cdecl wxFontBase::SetPointSize(int)" (?SetPointSize@wxFontBase@@UEAAXH@Z)
cMain.obj : error LNK2001: unresolved external symbol "public: virtual void __cdecl wxFontBase::SetPixelSize(class wxSize const &)" (?SetPixelSize@wxFontBase@@UEAAXAEBVwxSize@@@Z)
cMain.obj : error LNK2001: unresolved external symbol "public: virtual bool __cdecl wxFontBase::SetFaceName(class wxString const &)" (?SetFaceName@wxFontBase@@UEAA_NAEBVwxString@@@Z)
cMain.obj : error LNK2001: unresolved external symbol "public: virtual void __cdecl wxFontBase::SetWeight(enum wxFontWeight)" (?SetWeight@wxFontBase@@UEAAXW4wxFontWeight@@@Z)
cMain.obj : error LNK2001: unresolved external symbol "protected: virtual void __cdecl wxFontBase::DoSetNativeFontInfo(class wxNativeFontInfo const &)" (?DoSetNativeFontInfo@wxFontBase@@MEAAXAEBVwxNativeFontInfo@@@Z)
cMain.obj : error LNK2019: unresolved external symbol "protected: static class wxFontInfo __cdecl wxFontBase::InfoFromLegacyParams(int,enum wxFontFamily,enum wxFontStyle,enum wxFontWeight,bool,class wxString const &,enum wxFontEncoding)" (?InfoFromLegacyParams@wxFontBase@@KA?AVwxFontInfo@@HW4wxFontFamily@@W4wxFontStyle@@W4wxFontWeight@@_NAEBVwxString@@W4wxFontEncoding@@@Z) referenced in function "public: bool __cdecl wxFont::Create(int,enum wxFontFamily,enum wxFontStyle,enum wxFontWeight,bool,class wxString const &,enum wxFontEncoding)" (?Create@wxFont@@QEAA_NHW4wxFontFamily@@W4wxFontStyle@@W4wxFontWeight@@_NAEBVwxString@@W4wxFontEncoding@@@Z)
cMain.obj : error LNK2019: unresolved external symbol "public: virtual __cdecl wxFont::~wxFont(void)" (??1wxFont@@UEAA@XZ) referenced in function "public: __cdecl cMain::cMain(void)" (??0cMain@@QEAA@XZ)
cMain.obj : error LNK2001: unresolved external symbol "public: virtual double __cdecl wxFont::GetFractionalPointSize(void)const " (?GetFractionalPointSize@wxFont@@UEBANXZ)
cMain.obj : error LNK2001: unresolved external symbol "public: virtual class wxSize __cdecl wxFont::GetPixelSize(void)const " (?GetPixelSize@wxFont@@UEBA?AVwxSize@@XZ)
cMain.obj : error LNK2001: unresolved external symbol "public: virtual bool __cdecl wxFont::IsUsingSizeInPixels(void)const " (?IsUsingSizeInPixels@wxFont@@UEBA_NXZ)
cMain.obj : error LNK2001: unresolved external symbol "public: virtual enum wxFontStyle __cdecl wxFont::GetStyle(void)const " (?GetStyle@wxFont@@UEBA?AW4wxFontStyle@@XZ)
cMain.obj : error LNK2001: unresolved external symbol "public: virtual int __cdecl wxFont::GetNumericWeight(void)const " (?GetNumericWeight@wxFont@@UEBAHXZ)
cMain.obj : error LNK2001: unresolved external symbol "public: virtual bool __cdecl wxFont::GetUnderlined(void)const " (?GetUnderlined@wxFont@@UEBA_NXZ)
cMain.obj : error LNK2001: unresolved external symbol "public: virtual bool __cdecl wxFont::GetStrikethrough(void)const " (?GetStrikethrough@wxFont@@UEBA_NXZ)
cMain.obj : error LNK2001: unresolved external symbol "public: virtual class wxString __cdecl wxFont::GetFaceName(void)const " (?GetFaceName@wxFont@@UEBA?AVwxString@@XZ)
cMain.obj : error LNK2001: unresolved external symbol "public: virtual enum wxFontEncoding __cdecl wxFont::GetEncoding(void)const " (?GetEncoding@wxFont@@UEBA?AW4wxFontEncoding@@XZ)
cMain.obj : error LNK2001: unresolved external symbol "public: virtual class wxNativeFontInfo const * __cdecl wxFont::GetNativeFontInfo(void)const " (?GetNativeFontInfo@wxFont@@UEBAPEBVwxNativeFontInfo@@XZ)
cMain.obj : error LNK2001: unresolved external symbol "public: virtual void __cdecl wxFont::SetFractionalPointSize(double)" (?SetFractionalPointSize@wxFont@@UEAAXN@Z)
cMain.obj : error LNK2001: unresolved external symbol "public: virtual void __cdecl wxFont::SetPixelSize(class wxSize const &)" (?SetPixelSize@wxFont@@UEAAXAEBVwxSize@@@Z)
cMain.obj : error LNK2001: unresolved external symbol "public: virtual void __cdecl wxFont::SetFamily(enum wxFontFamily)" (?SetFamily@wxFont@@UEAAXW4wxFontFamily@@@Z)
cMain.obj : error LNK2001: unresolved external symbol "public: virtual void __cdecl wxFont::SetStyle(enum wxFontStyle)" (?SetStyle@wxFont@@UEAAXW4wxFontStyle@@@Z)
cMain.obj : error LNK2001: unresolved external symbol "public: virtual void __cdecl wxFont::SetNumericWeight(int)" (?SetNumericWeight@wxFont@@UEAAXH@Z)
cMain.obj : error LNK2001: unresolved external symbol "public: virtual bool __cdecl wxFont::SetFaceName(class wxString const &)" (?SetFaceName@wxFont@@UEAA_NAEBVwxString@@@Z)
cMain.obj : error LNK2001: unresolved external symbol "public: virtual void __cdecl wxFont::SetUnderlined(bool)" (?SetUnderlined@wxFont@@UEAAX_N@Z)
cMain.obj : error LNK2001: unresolved external symbol "public: virtual void __cdecl wxFont::SetStrikethrough(bool)" (?SetStrikethrough@wxFont@@UEAAX_N@Z)
cMain.obj : error LNK2001: unresolved external symbol "public: virtual void __cdecl wxFont::SetEncoding(enum wxFontEncoding)" (?SetEncoding@wxFont@@UEAAXW4wxFontEncoding@@@Z)
cMain.obj : error LNK2001: unresolved external symbol "public: virtual bool __cdecl wxFont::IsFixedWidth(void)const " (?IsFixedWidth@wxFont@@UEBA_NXZ)
cMain.obj : error LNK2001: unresolved external symbol "public: virtual bool __cdecl wxFont::IsFree(void)const " (?IsFree@wxFont@@UEBA_NXZ)
cMain.obj : error LNK2001: unresolved external symbol "public: virtual bool __cdecl wxFont::RealizeResource(void)" (?RealizeResource@wxFont@@UEAA_NXZ)
cMain.obj : error LNK2001: unresolved external symbol "public: virtual void * __cdecl wxFont::GetResourceHandle(void)const " (?GetResourceHandle@wxFont@@UEBAPEAXXZ)
cMain.obj : error LNK2001: unresolved external symbol "public: virtual bool __cdecl wxFont::FreeResource(bool)" (?FreeResource@wxFont@@UEAA_N_N@Z)
cMain.obj : error LNK2019: unresolved external symbol "protected: bool __cdecl wxFont::DoCreate(class wxFontInfo const &)" (?DoCreate@wxFont@@IEAA_NAEBVwxFontInfo@@@Z) referenced in function "public: bool __cdecl wxFont::Create(int,enum wxFontFamily,enum wxFontStyle,enum wxFontWeight,bool,class wxString const &,enum wxFontEncoding)" (?Create@wxFont@@QEAA_NHW4wxFontFamily@@W4wxFontStyle@@W4wxFontWeight@@_NAEBVwxString@@W4wxFontEncoding@@@Z)
cMain.obj : error LNK2001: unresolved external symbol "protected: virtual void __cdecl wxFont::DoSetNativeFontInfo(class wxNativeFontInfo const &)" (?DoSetNativeFontInfo@wxFont@@MEAAXAEBVwxNativeFontInfo@@@Z)
cMain.obj : error LNK2001: unresolved external symbol "protected: virtual enum wxFontFamily __cdecl wxFont::DoGetFamily(void)const " (?DoGetFamily@wxFont@@MEBA?AW4wxFontFamily@@XZ)
cMain.obj : error LNK2001: unresolved external symbol "protected: virtual class wxGDIRefData * __cdecl wxFont::CreateGDIRefData(void)const " (?CreateGDIRefData@wxFont@@MEBAPEAVwxGDIRefData@@XZ)
cMain.obj : error LNK2001: unresolved external symbol "protected: virtual class wxGDIRefData * __cdecl wxFont::CloneGDIRefData(class wxGDIRefData const *)const " (?CloneGDIRefData@wxFont@@MEBAPEAVwxGDIRefData@@PEBV2@@Z)
cMain.obj : error LNK2001: unresolved external symbol "public: virtual class wxClassInfo * __cdecl wxFont::GetClassInfo(void)const " (?GetClassInfo@wxFont@@UEBAPEAVwxClassInfo@@XZ)
cMain.obj : error LNK2019: unresolved external symbol "public: __cdecl wxWindowBase::wxWindowBase(void)" (??0wxWindowBase@@QEAA@XZ) referenced in function "public: __cdecl wxWindow::wxWindow(void)" (??0wxWindow@@QEAA@XZ)
cMain.obj : error LNK2019: unresolved external symbol "public: virtual __cdecl wxWindowBase::~wxWindowBase(void)" (??1wxWindowBase@@UEAA@XZ) referenced in function "int `public: __cdecl wxWindow::wxWindow(void)'::`1'::dtor$0" (?dtor$0@?0???0wxWindow@@QEAA@XZ@4HA)
cMain.obj : error LNK2001: unresolved external symbol "public: virtual bool __cdecl wxWindowBase::Destroy(void)" (?Destroy@wxWindowBase@@UEAA_NXZ)
cMain.obj : error LNK2001: unresolved external symbol "public: virtual class wxPoint __cdecl wxWindowBase::GetClientAreaOrigin(void)const " (?GetClientAreaOrigin@wxWindowBase@@UEBA?AVwxPoint@@XZ)
cMain.obj : error LNK2001: unresolved external symbol "public: virtual class wxSize __cdecl wxWindowBase::ClientToWindowSize(class wxSize const &)const " (?ClientToWindowSize@wxWindowBase@@UEBA?AVwxSize@@AEBV2@@Z)
cMain.obj : error LNK2001: unresolved external symbol "public: virtual class wxSize __cdecl wxWindowBase::WindowToClientSize(class wxSize const &)const " (?WindowToClientSize@wxWindowBase@@UEBA?AVwxSize@@AEBV2@@Z)
cMain.obj : error LNK2019: unresolved external symbol "public: class wxSize __cdecl wxWindowBase::GetBestSize(void)const " (?GetBestSize@wxWindowBase@@QEBA?AVwxSize@@XZ) referenced in function "public: virtual class wxSize __cdecl wxWindowBase::GetBestVirtualSize(void)const " (?GetBestVirtualSize@wxWindowBase@@UEBA?AVwxSize@@XZ)
cMain.obj : error LNK2019: unresolved external symbol "public: void __cdecl wxWindowBase::InvalidateBestSize(void)" (?InvalidateBestSize@wxWindowBase@@QEAAXXZ) referenced in function "public: virtual void __cdecl wxControlBase::SetLabel(class wxString const &)" (?SetLabel@wxControlBase@@UEAAXAEBVwxString@@@Z)
cMain.obj : error LNK2001: unresolved external symbol "public: virtual class wxSize __cdecl wxWindowBase::GetEffectiveMinSize(void)const " (?GetEffectiveMinSize@wxWindowBase@@UEBA?AVwxSize@@XZ)
cMain.obj : error LNK2001: unresolved external symbol "public: virtual void __cdecl wxWindowBase::Fit(void)" (?Fit@wxWindowBase@@UEAAXXZ)
cMain.obj : error LNK2001: unresolved external symbol "public: virtual void __cdecl wxWindowBase::FitInside(void)" (?FitInside@wxWindowBase@@UEAAXXZ)
cMain.obj : error LNK2001: unresolved external symbol "public: virtual void __cdecl wxWindowBase::SetMinSize(class wxSize const &)" (?SetMinSize@wxWindowBase@@UEAAXAEBVwxSize@@@Z)
cMain.obj : error LNK2001: unresolved external symbol "public: virtual void __cdecl wxWindowBase::SetMaxSize(class wxSize const &)" (?SetMaxSize@wxWindowBase@@UEAAXAEBVwxSize@@@Z)
cMain.obj : error LNK2001: unresolved external symbol "public: virtual void __cdecl wxWindowBase::DoSetVirtualSize(int,int)" (?DoSetVirtualSize@wxWindowBase@@UEAAXHH@Z)
cMain.obj : error LNK2001: unresolved external symbol "public: virtual class wxSize __cdecl wxWindowBase::DoGetVirtualSize(void)const " (?DoGetVirtualSize@wxWindowBase@@UEBA?AVwxSize@@XZ)
cMain.obj : error LNK2001: unresolved external symbol "public: virtual double __cdecl wxWindowBase::GetContentScaleFactor(void)const " (?GetContentScaleFactor@wxWindowBase@@UEBANXZ)
cMain.obj : error LNK2001: unresolved external symbol "public: virtual bool __cdecl wxWindowBase::InformFirstDirection(int,int,int)" (?InformFirstDirection@wxWindowBase@@UEAA_NHHH@Z)
cMain.obj : error LNK2001: unresolved external symbol "public: virtual void __cdecl wxWindowBase::SendSizeEvent(int)" (?SendSizeEvent@wxWindowBase@@UEAAXH@Z)
cMain.obj : error LNK2001: unresolved external symbol "public: virtual bool __cdecl wxWindowBase::Enable(bool)" (?Enable@wxWindowBase@@UEAA_N_N@Z)
cMain.obj : error LNK2019: unresolved external symbol "public: bool __cdecl wxWindowBase::IsEnabled(void)const " (?IsEnabled@wxWindowBase@@QEBA_NXZ) referenced in function "public: virtual bool __cdecl wxWindowBase::CanBeFocused(void)const " (?CanBeFocused@wxWindowBase@@UEBA_NXZ)
cMain.obj : error LNK2001: unresolved external symbol "public: virtual bool __cdecl wxWindowBase::IsShownOnScreen(void)const " (?IsShownOnScreen@wxWindowBase@@UEBA_NXZ)
cMain.obj : error LNK2019: unresolved external symbol "public: static class wxWindow * __cdecl wxWindowBase::FindFocus(void)" (?FindFocus@wxWindowBase@@SAPEAVwxWindow@@XZ) referenced in function "public: virtual bool __cdecl wxTopLevelWindowBase::IsActive(void)" (?IsActive@wxTopLevelWindowBase@@UEAA_NXZ)
cMain.obj : error LNK2001: unresolved external symbol "public: virtual bool __cdecl wxWindowBase::HasFocus(void)const " (?HasFocus@wxWindowBase@@UEBA_NXZ)
cMain.obj : error LNK2001: unresolved external symbol "public: virtual bool __cdecl wxWindowBase::IsTopLevel(void)const " (?IsTopLevel@wxWindowBase@@UEBA_NXZ)
cMain.obj : error LNK2019: unresolved external symbol "public: bool __cdecl wxWindowBase::IsDescendant(class wxWindowBase *)const " (?IsDescendant@wxWindowBase@@QEBA_NPEAV1@@Z) referenced in function "public: virtual bool __cdecl wxTopLevelWindowBase::IsActive(void)" (?IsActive@wxTopLevelWindowBase@@UEAA_NXZ)
cMain.obj : error LNK2001: unresolved external symbol "public: virtual void __cdecl wxWindowBase::AddChild(class wxWindowBase *)" (?AddChild@wxWindowBase@@UEAAXPEAV1@@Z)
cMain.obj : error LNK2001: unresolved external symbol "public: virtual void __cdecl wxWindowBase::RemoveChild(class wxWindowBase *)" (?RemoveChild@wxWindowBase@@UEAAXPEAV1@@Z)
cMain.obj : error LNK2001: unresolved external symbol "public: virtual void __cdecl wxWindowBase::SetNextHandler(class wxEvtHandler *)" (?SetNextHandler@wxWindowBase@@UEAAXPEAVwxEvtHandler@@@Z)
cMain.obj : error LNK2001: unresolved external symbol "public: virtual void __cdecl wxWindowBase::SetPreviousHandler(class wxEvtHandler *)" (?SetPreviousHandler@wxWindowBase@@UEAAXPEAVwxEvtHandler@@@Z)
cMain.obj : error LNK2001: unresolved external symbol "public: virtual void __cdecl wxWindowBase::SetValidator(class wxValidator const &)" (?SetValidator@wxWindowBase@@UEAAXAEBVwxValidator@@@Z)
cMain.obj : error LNK2001: unresolved external symbol "public: virtual bool __cdecl wxWindowBase::Validate(void)" (?Validate@wxWindowBase@@UEAA_NXZ)
cMain.obj : error LNK2001: unresolved external symbol "public: virtual bool __cdecl wxWindowBase::TransferDataToWindow(void)" (?TransferDataToWindow@wxWindowBase@@UEAA_NXZ)
cMain.obj : error LNK2001: unresolved external symbol "public: virtual bool __cdecl wxWindowBase::TransferDataFromWindow(void)" (?TransferDataFromWindow@wxWindowBase@@UEAA_NXZ)
cMain.obj : error LNK2001: unresolved external symbol "public: virtual void __cdecl wxWindowBase::InitDialog(void)" (?InitDialog@wxWindowBase@@UEAAXXZ)
cMain.obj : error LNK2019: unresolved external symbol "public: static class wxWindow * __cdecl wxWindowBase::GetCapture(void)" (?GetCapture@wxWindowBase@@SAPEAVwxWindow@@XZ) referenced in function "public: virtual bool __cdecl wxWindowBase::HasCapture(void)const " (?HasCapture@wxWindowBase@@UEBA_NXZ)
cMain.obj : error LNK2001: unresolved external symbol "public: virtual void __cdecl wxWindowBase::ClearBackground(void)" (?ClearBackground@wxWindowBase@@UEAAXXZ)
cMain.obj : error LNK2001: unresolved external symbol "public: virtual bool __cdecl wxWindowBase::DoIsExposed(int,int)const " (?DoIsExposed@wxWindowBase@@UEBA_NHH@Z)
cMain.obj : error LNK2001: unresolved external symbol "public: virtual bool __cdecl wxWindowBase::DoIsExposed(int,int,int,int)const " (?DoIsExposed@wxWindowBase@@UEBA_NHHHH@Z)
cMain.obj : error LNK2019: unresolved external symbol "public: static struct wxVisualAttributes __cdecl wxWindowBase::GetClassDefaultAttributes(enum wxWindowVariant)" (?GetClassDefaultAttributes@wxWindowBase@@SA?AUwxVisualAttributes@@W4wxWindowVariant@@@Z) referenced in function "public: virtual struct wxVisualAttributes __cdecl wxWindowBase::GetDefaultAttributes(void)const " (?GetDefaultAttributes@wxWindowBase@@UEBA?AUwxVisualAttributes@@XZ)
cMain.obj : error LNK2001: unresolved external symbol "public: virtual bool __cdecl wxWindowBase::SetBackgroundColour(class wxColour const &)" (?SetBackgroundColour@wxWindowBase@@UEAA_NAEBVwxColour@@@Z)
cMain.obj : error LNK2001: unresolved external symbol "public: virtual bool __cdecl wxWindowBase::SetForegroundColour(class wxColour const &)" (?SetForegroundColour@wxWindowBase@@UEAA_NAEBVwxColour@@@Z)
cMain.obj : error LNK2001: unresolved external symbol "public: virtual bool __cdecl wxWindowBase::SetBackgroundStyle(enum wxBackgroundStyle)" (?SetBackgroundStyle@wxWindowBase@@UEAA_NW4wxBackgroundStyle@@@Z)
cMain.obj : error LNK2001: unresolved external symbol "public: virtual bool __cdecl wxWindowBase::IsTransparentBackgroundSupported(class wxString *)const " (?IsTransparentBackgroundSupported@wxWindowBase@@UEBA_NPEAVwxString@@@Z)
cMain.obj : error LNK2001: unresolved external symbol "public: virtual void __cdecl wxWindowBase::UpdateWindowUI(long)" (?UpdateWindowUI@wxWindowBase@@UEAAXJ@Z)
cMain.obj : error LNK2001: unresolved external symbol "public: virtual void __cdecl wxWindowBase::DoUpdateWindowUI(class wxUpdateUIEvent &)" (?DoUpdateWindowUI@wxWindowBase@@UEAAXAEAVwxUpdateUIEvent@@@Z)
cMain.obj : error LNK2001: unresolved external symbol "public: virtual bool __cdecl wxWindowBase::CanScroll(int)const " (?CanScroll@wxWindowBase@@UEBA_NH@Z)
cMain.obj : error LNK2001: unresolved external symbol "public: virtual class wxString __cdecl wxWindowBase::GetHelpTextAtPoint(class wxPoint const &,enum wxHelpEvent::Origin)const " (?GetHelpTextAtPoint@wxWindowBase@@UEBA?AVwxString@@AEBVwxPoint@@W4Origin@wxHelpEvent@@@Z)
cMain.obj : error LNK2001: unresolved external symbol "public: virtual void __cdecl wxWindowBase::SetConstraintSizes(bool)" (?SetConstraintSizes@wxWindowBase@@UEAAX_N@Z)
cMain.obj : error LNK2001: unresolved external symbol "public: virtual bool __cdecl wxWindowBase::LayoutPhase1(int *)" (?LayoutPhase1@wxWindowBase@@UEAA_NPEAH@Z)
cMain.obj : error LNK2001: unresolved external symbol "public: virtual bool __cdecl wxWindowBase::LayoutPhase2(int *)" (?LayoutPhase2@wxWindowBase@@UEAA_NPEAH@Z)
cMain.obj : error LNK2001: unresolved external symbol "public: virtual bool __cdecl wxWindowBase::DoPhase(int)" (?DoPhase@wxWindowBase@@UEAA_NH@Z)
cMain.obj : error LNK2001: unresolved external symbol "public: virtual void __cdecl wxWindowBase::SetSizeConstraint(int,int,int,int)" (?SetSizeConstraint@wxWindowBase@@UEAAXHHHH@Z)
cMain.obj : error LNK2001: unresolved external symbol "public: virtual void __cdecl wxWindowBase::MoveConstraint(int,int)" (?MoveConstraint@wxWindowBase@@UEAAXHH@Z)
cMain.obj : error LNK2001: unresolved external symbol "public: virtual void __cdecl wxWindowBase::GetSizeConstraint(int *,int *)const " (?GetSizeConstraint@wxWindowBase@@UEBAXPEAH0@Z)
cMain.obj : error LNK2001: unresolved external symbol "public: virtual void __cdecl wxWindowBase::GetClientSizeConstraint(int *,int *)const " (?GetClientSizeConstraint@wxWindowBase@@UEBAXPEAH0@Z)
cMain.obj : error LNK2001: unresolved external symbol "public: virtual void __cdecl wxWindowBase::GetPositionConstraint(int *,int *)const " (?GetPositionConstraint@wxWindowBase@@UEBAXPEAH0@Z)
cMain.obj : error LNK2001: unresolved external symbol "public: virtual bool __cdecl wxWindowBase::Layout(void)" (?Layout@wxWindowBase@@UEAA_NXZ)
cMain.obj : error LNK2019: unresolved external symbol "public: void __cdecl wxWindowBase::SetSizer(class wxSizer *,bool)" (?SetSizer@wxWindowBase@@QEAAXPEAVwxSizer@@_N@Z) referenced in function "public: __cdecl cMain::cMain(void)" (??0cMain@@QEAA@XZ)
cMain.obj : error LNK2001: unresolved external symbol "public: virtual bool __cdecl wxWindowBase::SendIdleEvents(class wxIdleEvent &)" (?SendIdleEvents@wxWindowBase@@UEAA_NAEAVwxIdleEvent@@@Z)
cMain.obj : error LNK2001: unresolved external symbol "public: virtual void __cdecl wxWindowBase::WXSetInitialFittingClientSize(int,class wxSizer *)" (?WXSetInitialFittingClientSize@wxWindowBase@@UEAAXHPEAVwxSizer@@@Z)
cMain.obj : error LNK2001: unresolved external symbol "public: virtual void __cdecl wxWindowBase::InheritAttributes(void)" (?InheritAttributes@wxWindowBase@@UEAAXXZ)
cMain.obj : error LNK2001: unresolved external symbol "protected: virtual bool __cdecl wxWindowBase::TryBefore(class wxEvent &)" (?TryBefore@wxWindowBase@@MEAA_NAEAVwxEvent@@@Z)
cMain.obj : error LNK2001: unresolved external symbol "protected: virtual bool __cdecl wxWindowBase::TryAfter(class wxEvent &)" (?TryAfter@wxWindowBase@@MEAA_NAEAVwxEvent@@@Z)
cMain.obj : error LNK2001: unresolved external symbol "protected: virtual void __cdecl wxWindowBase::DoMoveInTabOrder(class wxWindow *,enum wxWindowBase::WindowOrder)" (?DoMoveInTabOrder@wxWindowBase@@MEAAXPEAVwxWindow@@W4WindowOrder@1@@Z)
cMain.obj : error LNK2001: unresolved external symbol "protected: virtual bool __cdecl wxWindowBase::DoNavigateIn(int)" (?DoNavigateIn@wxWindowBase@@MEAA_NH@Z)
cMain.obj : error LNK2001: unresolved external symbol "protected: virtual enum wxHitTest __cdecl wxWindowBase::DoHitTest(int,int)const " (?DoHitTest@wxWindowBase@@MEBA?AW4wxHitTest@@HH@Z)
cMain.obj : error LNK2001: unresolved external symbol "protected: virtual void __cdecl wxWindowBase::DoGetScreenPosition(int *,int *)const " (?DoGetScreenPosition@wxWindowBase@@MEBAXPEAH0@Z)
cMain.obj : error LNK2001: unresolved external symbol "protected: virtual class wxSize __cdecl wxWindowBase::DoGetBestSize(void)const " (?DoGetBestSize@wxWindowBase@@MEBA?AVwxSize@@XZ)
cMain.obj : error LNK2001: unresolved external symbol "protected: virtual void __cdecl wxWindowBase::DoSetSizeHints(int,int,int,int,int,int)" (?DoSetSizeHints@wxWindowBase@@MEAAXHHHHHH@Z)
cMain.obj : error LNK2001: unresolved external symbol "protected: virtual void __cdecl wxWindowBase::DoCentre(int)" (?DoCentre@wxWindowBase@@MEAAXH@Z)
cMain.obj : error LNK2001: unresolved external symbol "protected: virtual void __cdecl wxWindowBase::DoSetToolTipText(class wxString const &)" (?DoSetToolTipText@wxWindowBase@@MEAAXAEBVwxString@@@Z)
cMain.obj : error LNK2001: unresolved external symbol "protected: virtual void __cdecl wxWindowBase::AdjustForParentClientOrigin(int &,int &,int)const " (?AdjustForParentClientOrigin@wxWindowBase@@MEBAXAEAH0H@Z)
cMain.obj : error LNK2001: unresolved external symbol "protected: virtual void __cdecl wxWindowBase::DoSetWindowVariant(enum wxWindowVariant)" (?DoSetWindowVariant@wxWindowBase@@MEAAXW4wxWindowVariant@@@Z)
cMain.obj : error LNK2019: unresolved external symbol "public: virtual __cdecl wxWindow::~wxWindow(void)" (??1wxWindow@@UEAA@XZ) referenced in function "int `public: __cdecl wxControlBase::wxControlBase(void)'::`1'::dtor$0" (?dtor$0@?0???0wxControlBase@@QEAA@XZ@4HA)
cMain.obj : error LNK2019: unresolved external symbol "public: virtual void __cdecl wxWindow::SetLabel(class wxString const &)" (?SetLabel@wxWindow@@UEAAXAEBVwxString@@@Z) referenced in function "public: virtual void __cdecl wxControlBase::SetLabel(class wxString const &)" (?SetLabel@wxControlBase@@UEAAXAEBVwxString@@@Z)
cMain.obj : error LNK2001: unresolved external symbol "public: virtual class wxString __cdecl wxWindow::GetLabel(void)const " (?GetLabel@wxWindow@@UEBA?AVwxString@@XZ)
cMain.obj : error LNK2001: unresolved external symbol "public: virtual void __cdecl wxWindow::Raise(void)" (?Raise@wxWindow@@UEAAXXZ)
cMain.obj : error LNK2001: unresolved external symbol "public: virtual void __cdecl wxWindow::Lower(void)" (?Lower@wxWindow@@UEAAXXZ)
cMain.obj : error LNK2001: unresolved external symbol "public: virtual bool __cdecl wxWindow::BeginRepositioningChildren(void)" (?BeginRepositioningChildren@wxWindow@@UEAA_NXZ)
cMain.obj : error LNK2001: unresolved external symbol "public: virtual void __cdecl wxWindow::EndRepositioningChildren(void)" (?EndRepositioningChildren@wxWindow@@UEAAXXZ)
cMain.obj : error LNK2001: unresolved external symbol "public: virtual bool __cdecl wxWindow::Show(bool)" (?Show@wxWindow@@UEAA_N_N@Z)
cMain.obj : error LNK2001: unresolved external symbol "public: virtual void __cdecl wxWindow::SetFocus(void)" (?SetFocus@wxWindow@@UEAAXXZ)
cMain.obj : error LNK2001: unresolved external symbol "public: virtual void __cdecl wxWindow::SetFocusFromKbd(void)" (?SetFocusFromKbd@wxWindow@@UEAAXXZ)
cMain.obj : error LNK2001: unresolved external symbol "public: virtual bool __cdecl wxWindow::Reparent(class wxWindowBase *)" (?Reparent@wxWindow@@UEAA_NPEAVwxWindowBase@@@Z)
cMain.obj : error LNK2001: unresolved external symbol "public: virtual class wxSize __cdecl wxWindow::GetDPI(void)const " (?GetDPI@wxWindow@@UEBA?AVwxSize@@XZ)
cMain.obj : error LNK2001: unresolved external symbol "public: virtual double __cdecl wxWindow::GetDPIScaleFactor(void)const " (?GetDPIScaleFactor@wxWindow@@UEBANXZ)
cMain.obj : error LNK2001: unresolved external symbol "public: virtual class wxSize __cdecl wxWindow::GetWindowBorderSize(void)const " (?GetWindowBorderSize@wxWindow@@UEBA?AVwxSize@@XZ)
cMain.obj : error LNK2001: unresolved external symbol "public: virtual void __cdecl wxWindow::WarpPointer(int,int)" (?WarpPointer@wxWindow@@UEAAXHH@Z)
cMain.obj : error LNK2001: unresolved external symbol "public: virtual bool __cdecl wxWindow::EnableTouchEvents(int)" (?EnableTouchEvents@wxWindow@@UEAA_NH@Z)
cMain.obj : error LNK2001: unresolved external symbol "public: virtual void __cdecl wxWindow::Refresh(bool,class wxRect const *)" (?Refresh@wxWindow@@UEAAX_NPEBVwxRect@@@Z)
cMain.obj : error LNK2001: unresolved external symbol "public: virtual void __cdecl wxWindow::Update(void)" (?Update@wxWindow@@UEAAXXZ)
cMain.obj : error LNK2001: unresolved external symbol "public: virtual void __cdecl wxWindow::SetWindowStyleFlag(long)" (?SetWindowStyleFlag@wxWindow@@UEAAXJ@Z)
cMain.obj : error LNK2001: unresolved external symbol "public: virtual void __cdecl wxWindow::SetExtraStyle(long)" (?SetExtraStyle@wxWindow@@UEAAXJ@Z)
cMain.obj : error LNK2001: unresolved external symbol "public: virtual bool __cdecl wxWindow::SetCursor(class wxCursor const &)" (?SetCursor@wxWindow@@UEAA_NAEBVwxCursor@@@Z)
cMain.obj : error LNK2001: unresolved external symbol "public: virtual bool __cdecl wxWindow::SetFont(class wxFont const &)" (?SetFont@wxWindow@@UEAA_NAEBVwxFont@@@Z)
cMain.obj : error LNK2001: unresolved external symbol "public: virtual int __cdecl wxWindow::GetCharHeight(void)const " (?GetCharHeight@wxWindow@@UEBAHXZ)
cMain.obj : error LNK2001: unresolved external symbol "public: virtual int __cdecl wxWindow::GetCharWidth(void)const " (?GetCharWidth@wxWindow@@UEBAHXZ)
cMain.obj : error LNK2001: unresolved external symbol "public: virtual void __cdecl wxWindow::SetScrollbar(int,int,int,int,bool)" (?SetScrollbar@wxWindow@@UEAAXHHHH_N@Z)
cMain.obj : error LNK2001: unresolved external symbol "public: virtual void __cdecl wxWindow::SetScrollPos(int,int,bool)" (?SetScrollPos@wxWindow@@UEAAXHH_N@Z)
cMain.obj : error LNK2001: unresolved external symbol "public: virtual int __cdecl wxWindow::GetScrollPos(int)const " (?GetScrollPos@wxWindow@@UEBAHH@Z)
cMain.obj : error LNK2001: unresolved external symbol "public: virtual int __cdecl wxWindow::GetScrollThumb(int)const " (?GetScrollThumb@wxWindow@@UEBAHH@Z)
cMain.obj : error LNK2001: unresolved external symbol "public: virtual int __cdecl wxWindow::GetScrollRange(int)const " (?GetScrollRange@wxWindow@@UEBAHH@Z)
cMain.obj : error LNK2001: unresolved external symbol "public: virtual void __cdecl wxWindow::ScrollWindow(int,int,class wxRect const *)" (?ScrollWindow@wxWindow@@UEAAXHHPEBVwxRect@@@Z)
cMain.obj : error LNK2001: unresolved external symbol "public: virtual bool __cdecl wxWindow::ScrollLines(int)" (?ScrollLines@wxWindow@@UEAA_NH@Z)
cMain.obj : error LNK2001: unresolved external symbol "public: virtual bool __cdecl wxWindow::ScrollPages(int)" (?ScrollPages@wxWindow@@UEAA_NH@Z)
cMain.obj : error LNK2001: unresolved external symbol "public: virtual void __cdecl wxWindow::SetLayoutDirection(enum wxLayoutDirection)" (?SetLayoutDirection@wxWindow@@UEAAXW4wxLayoutDirection@@@Z)
cMain.obj : error LNK2001: unresolved external symbol "public: virtual enum wxLayoutDirection __cdecl wxWindow::GetLayoutDirection(void)const " (?GetLayoutDirection@wxWindow@@UEBA?AW4wxLayoutDirection@@XZ)
cMain.obj : error LNK2001: unresolved external symbol "public: virtual int __cdecl wxWindow::AdjustForLayoutDirection(int,int,int)const " (?AdjustForLayoutDirection@wxWindow@@UEBAHHHH@Z)
cMain.obj : error LNK2001: unresolved external symbol "public: virtual void __cdecl wxWindow::SetId(int)" (?SetId@wxWindow@@UEAAXH@Z)
cMain.obj : error LNK2001: unresolved external symbol "public: virtual void __cdecl wxWindow::SetDropTarget(class wxDropTarget *)" (?SetDropTarget@wxWindow@@UEAAXPEAVwxDropTarget@@@Z)
cMain.obj : error LNK2001: unresolved external symbol "public: virtual void __cdecl wxWindow::DragAcceptFiles(bool)" (?DragAcceptFiles@wxWindow@@UEAAX_N@Z)
cMain.obj : error LNK2001: unresolved external symbol "public: virtual bool __cdecl wxWindow::LoadNativeDialog(class wxWindow *,int)" (?LoadNativeDialog@wxWindow@@UEAA_NPEAV1@H@Z)
cMain.obj : error LNK2001: unresolved external symbol "public: virtual bool __cdecl wxWindow::LoadNativeDialog(class wxWindow *,class wxString const &)" (?LoadNativeDialog@wxWindow@@UEAA_NPEAV1@AEBVwxString@@@Z)
cMain.obj : error LNK2001: unresolved external symbol "public: virtual bool __cdecl wxWindow::RegisterHotKey(int,int,int)" (?RegisterHotKey@wxWindow@@UEAA_NHHH@Z)
cMain.obj : error LNK2001: unresolved external symbol "public: virtual bool __cdecl wxWindow::UnregisterHotKey(int)" (?UnregisterHotKey@wxWindow@@UEAA_NH@Z)
cMain.obj : error LNK2001: unresolved external symbol "public: virtual void __cdecl wxWindow::AssociateHandle(struct HWND__ *)" (?AssociateHandle@wxWindow@@UEAAXPEAUHWND__@@@Z)
cMain.obj : error LNK2001: unresolved external symbol "public: virtual void __cdecl wxWindow::DissociateHandle(void)" (?DissociateHandle@wxWindow@@UEAAXXZ)
cMain.obj : error LNK2001: unresolved external symbol "public: virtual unsigned long __cdecl wxWindow::MSWGetStyle(long,unsigned long *)const " (?MSWGetStyle@wxWindow@@UEBAKJPEAK@Z)
cMain.obj : error LNK2001: unresolved external symbol "public: virtual struct HWND__ * __cdecl wxWindow::MSWGetParent(void)const " (?MSWGetParent@wxWindow@@UEBAPEAUHWND__@@XZ)
cMain.obj : error LNK2001: unresolved external symbol "public: virtual bool __cdecl wxWindow::MSWCommand(unsigned int,unsigned short)" (?MSWCommand@wxWindow@@UEAA_NIG@Z)
cMain.obj : error LNK2001: unresolved external symbol "public: virtual class wxWindow * __cdecl wxWindow::CreateWindowFromHWND(class wxWindow *,struct HWND__ *)" (?CreateWindowFromHWND@wxWindow@@UEAAPEAV1@PEAV1@PEAUHWND__@@@Z)
cMain.obj : error LNK2001: unresolved external symbol "public: virtual void __cdecl wxWindow::AdoptAttributesFromHWND(void)" (?AdoptAttributesFromHWND@wxWindow@@UEAAXXZ)
cMain.obj : error LNK2001: unresolved external symbol "public: virtual void __cdecl wxWindow::SetupColours(void)" (?SetupColours@wxWindow@@UEAAXXZ)
cMain.obj : error LNK2001: unresolved external symbol "public: virtual bool __cdecl wxWindow::MSWOnScroll(int,unsigned short,unsigned short,struct HWND__ *)" (?MSWOnScroll@wxWindow@@UEAA_NHGGPEAUHWND__@@@Z)
cMain.obj : error LNK2001: unresolved external symbol "public: virtual bool __cdecl wxWindow::MSWOnNotify(int,__int64,__int64 *)" (?MSWOnNotify@wxWindow@@UEAA_NH_JPEA_J@Z)
cMain.obj : error LNK2001: unresolved external symbol "public: virtual bool __cdecl wxWindow::MSWOnDrawItem(int,void * *)" (?MSWOnDrawItem@wxWindow@@UEAA_NHPEAPEAX@Z)
cMain.obj : error LNK2001: unresolved external symbol "public: virtual bool __cdecl wxWindow::MSWOnMeasureItem(int,void * *)" (?MSWOnMeasureItem@wxWindow@@UEAA_NHPEAPEAX@Z)
cMain.obj : error LNK2001: unresolved external symbol "public: virtual bool __cdecl wxWindow::HandleSettingChange(unsigned __int64,__int64)" (?HandleSettingChange@wxWindow@@UEAA_N_K_J@Z)
cMain.obj : error LNK2001: unresolved external symbol "public: virtual bool __cdecl wxWindow::MSWHandleMessage(__int64 *,unsigned int,unsigned __int64,__int64)" (?MSWHandleMessage@wxWindow@@UEAA_NPEA_JI_K_J@Z)
cMain.obj : error LNK2001: unresolved external symbol "public: virtual __int64 __cdecl wxWindow::MSWWindowProc(unsigned int,unsigned __int64,__int64)" (?MSWWindowProc@wxWindow@@UEAA_JI_K_J@Z)
cMain.obj : error LNK2001: unresolved external symbol "public: virtual __int64 __cdecl wxWindow::MSWDefWindowProc(unsigned int,unsigned __int64,__int64)" (?MSWDefWindowProc@wxWindow@@UEAA_JI_K_J@Z)
cMain.obj : error LNK2001: unresolved external symbol "public: virtual bool __cdecl wxWindow::MSWShouldPreProcessMessage(struct tagMSG *)" (?MSWShouldPreProcessMessage@wxWindow@@UEAA_NPEAUtagMSG@@@Z)
cMain.obj : error LNK2001: unresolved external symbol "public: virtual bool __cdecl wxWindow::MSWProcessMessage(struct tagMSG *)" (?MSWProcessMessage@wxWindow@@UEAA_NPEAUtagMSG@@@Z)
cMain.obj : error LNK2001: unresolved external symbol "public: virtual bool __cdecl wxWindow::MSWTranslateMessage(struct tagMSG *)" (?MSWTranslateMessage@wxWindow@@UEAA_NPEAUtagMSG@@@Z)
cMain.obj : error LNK2001: unresolved external symbol "public: virtual void __cdecl wxWindow::MSWDestroyWindow(void)" (?MSWDestroyWindow@wxWindow@@UEAAXXZ)
cMain.obj : error LNK2001: unresolved external symbol "public: virtual struct HBRUSH__ * __cdecl wxWindow::MSWGetBgBrushForChild(struct HDC__ *,class wxWindow *)" (?MSWGetBgBrushForChild@wxWindow@@UEAAPEAUHBRUSH__@@PEAUHDC__@@PEAV1@@Z)
cMain.obj : error LNK2019: unresolved external symbol "public: bool __cdecl wxWindow::MSWShowWithEffect(bool,enum wxShowEffect,unsigned int)" (?MSWShowWithEffect@wxWindow@@QEAA_N_NW4wxShowEffect@@I@Z) referenced in function "public: virtual bool __cdecl wxWindow::HideWithEffect(enum wxShowEffect,unsigned int)" (?HideWithEffect@wxWindow@@UEAA_NW4wxShowEffect@@I@Z)
cMain.obj : error LNK2001: unresolved external symbol "public: virtual void __cdecl wxWindow::SetDoubleBuffered(bool)" (?SetDoubleBuffered@wxWindow@@UEAAX_N@Z)
cMain.obj : error LNK2001: unresolved external symbol "public: virtual bool __cdecl wxWindow::IsDoubleBuffered(void)const " (?IsDoubleBuffered@wxWindow@@UEBA_NXZ)
cMain.obj : error LNK2001: unresolved external symbol "public: virtual void __cdecl wxWindow::OnInternalIdle(void)" (?OnInternalIdle@wxWindow@@UEAAXXZ)
cMain.obj : error LNK2001: unresolved external symbol "public: virtual bool __cdecl wxWindow::HandleMenuSelect(unsigned short,unsigned short,struct HMENU__ *)" (?HandleMenuSelect@wxWindow@@UEAA_NGGPEAUHMENU__@@@Z)
cMain.obj : error LNK2001: unresolved external symbol "public: virtual bool __cdecl wxWindow::DoSendMenuOpenCloseEvent(int,class wxMenu *)" (?DoSendMenuOpenCloseEvent@wxWindow@@UEAA_NHPEAVwxMenu@@@Z)
cMain.obj : error LNK2001: unresolved external symbol "public: virtual class wxMenu * __cdecl wxWindow::MSWFindMenuFromHMENU(struct HMENU__ *)" (?MSWFindMenuFromHMENU@wxWindow@@UEAAPEAVwxMenu@@PEAUHMENU__@@@Z)
cMain.obj : error LNK2001: unresolved external symbol "protected: virtual void __cdecl wxWindow::WXAdjustFontToOwnPPI(class wxFont &)const " (?WXAdjustFontToOwnPPI@wxWindow@@MEBAXAEAVwxFont@@@Z)
cMain.obj : error LNK2001: unresolved external symbol "protected: virtual void __cdecl wxWindow::MSWUpdateFontOnDPIChange(class wxSize const &)" (?MSWUpdateFontOnDPIChange@wxWindow@@MEAAXAEBVwxSize@@@Z)
cMain.obj : error LNK2001: unresolved external symbol "protected: virtual enum wxBorder __cdecl wxWindow::GetDefaultBorderForControl(void)const " (?GetDefaultBorderForControl@wxWindow@@MEBA?AW4wxBorder@@XZ)
cMain.obj : error LNK2001: unresolved external symbol "protected: virtual enum wxBorder __cdecl wxWindow::GetDefaultBorder(void)const " (?GetDefaultBorder@wxWindow@@MEBA?AW4wxBorder@@XZ)
cMain.obj : error LNK2001: unresolved external symbol "protected: virtual enum wxBorder __cdecl wxWindow::TranslateBorder(enum wxBorder)const " (?TranslateBorder@wxWindow@@MEBA?AW4wxBorder@@W42@@Z)
cMain.obj : error LNK2001: unresolved external symbol "protected: virtual bool __cdecl wxWindow::DoPopupMenu(class wxMenu *,int,int)" (?DoPopupMenu@wxWindow@@MEAA_NPEAVwxMenu@@HH@Z)
cMain.obj : error LNK2001: unresolved external symbol "protected: virtual void __cdecl wxWindow::DoGetTextExtent(class wxString const &,int *,int *,int *,int *,class wxFont const *)const " (?DoGetTextExtent@wxWindow@@MEBAXAEBVwxString@@PEAH111PEBVwxFont@@@Z)
cMain.obj : error LNK2001: unresolved external symbol "protected: virtual void __cdecl wxWindow::DoClientToScreen(int *,int *)const " (?DoClientToScreen@wxWindow@@MEBAXPEAH0@Z)
cMain.obj : error LNK2001: unresolved external symbol "protected: virtual void __cdecl wxWindow::DoScreenToClient(int *,int *)const " (?DoScreenToClient@wxWindow@@MEBAXPEAH0@Z)
cMain.obj : error LNK2001: unresolved external symbol "protected: virtual void __cdecl wxWindow::DoGetPosition(int *,int *)const " (?DoGetPosition@wxWindow@@MEBAXPEAH0@Z)
cMain.obj : error LNK2001: unresolved external symbol "protected: virtual void __cdecl wxWindow::DoGetSize(int *,int *)const " (?DoGetSize@wxWindow@@MEBAXPEAH0@Z)
cMain.obj : error LNK2001: unresolved external symbol "protected: virtual void __cdecl wxWindow::DoGetClientSize(int *,int *)const " (?DoGetClientSize@wxWindow@@MEBAXPEAH0@Z)
cMain.obj : error LNK2001: unresolved external symbol "protected: virtual void __cdecl wxWindow::DoSetSize(int,int,int,int,int)" (?DoSetSize@wxWindow@@MEAAXHHHHH@Z)
cMain.obj : error LNK2001: unresolved external symbol "protected: virtual void __cdecl wxWindow::DoSetClientSize(int,int)" (?DoSetClientSize@wxWindow@@MEAAXHH@Z)
cMain.obj : error LNK2001: unresolved external symbol "protected: virtual void __cdecl wxWindow::DoCaptureMouse(void)" (?DoCaptureMouse@wxWindow@@MEAAXXZ)
cMain.obj : error LNK2001: unresolved external symbol "protected: virtual void __cdecl wxWindow::DoReleaseMouse(void)" (?DoReleaseMouse@wxWindow@@MEAAXXZ)
cMain.obj : error LNK2001: unresolved external symbol "protected: virtual void __cdecl wxWindow::DoEnable(bool)" (?DoEnable@wxWindow@@MEAAX_N@Z)
cMain.obj : error LNK2001: unresolved external symbol "protected: virtual void __cdecl wxWindow::DoFreeze(void)" (?DoFreeze@wxWindow@@MEAAXXZ)
cMain.obj : error LNK2001: unresolved external symbol "protected: virtual void __cdecl wxWindow::DoThaw(void)" (?DoThaw@wxWindow@@MEAAXXZ)
cMain.obj : error LNK2001: unresolved external symbol "protected: virtual void __cdecl wxWindow::DoMoveWindow(int,int,int,int)" (?DoMoveWindow@wxWindow@@MEAAXHHHH@Z)
cMain.obj : error LNK2001: unresolved external symbol "protected: virtual void __cdecl wxWindow::DoSetToolTip(class wxToolTip *)" (?DoSetToolTip@wxWindow@@MEAAXPEAVwxToolTip@@@Z)
cMain.obj : error LNK2001: unresolved external symbol "protected: virtual void __cdecl wxWindow::MSWGetCreateWindowCoords(class wxPoint const &,class wxSize const &,int &,int &,int &,int &)const " (?MSWGetCreateWindowCoords@wxWindow@@MEBAXAEBVwxPoint@@AEBVwxSize@@AEAH222@Z)
cMain.obj : error LNK2019: unresolved external symbol "private: void __cdecl wxWindow::Init(void)" (?Init@wxWindow@@AEAAXXZ) referenced in function "public: __cdecl wxWindow::wxWindow(void)" (??0wxWindow@@QEAA@XZ)
cMain.obj : error LNK2001: unresolved external symbol "public: virtual class wxClassInfo * __cdecl wxWindow::GetClassInfo(void)const " (?GetClassInfo@wxWindow@@UEBAPEAVwxClassInfo@@XZ)
cMain.obj : error LNK2001: unresolved external symbol "protected: virtual struct wxEventTable const * __cdecl wxWindow::GetEventTable(void)const " (?GetEventTable@wxWindow@@MEBAPEBUwxEventTable@@XZ)
cMain.obj : error LNK2001: unresolved external symbol "protected: virtual class wxEventHashTable & __cdecl wxWindow::GetEventHashTable(void)const " (?GetEventHashTable@wxWindow@@MEBAAEAVwxEventHashTable@@XZ)
cMain.obj : error LNK2001: unresolved external symbol "public: virtual bool __cdecl wxNonOwnedWindow::Reparent(class wxWindowBase *)" (?Reparent@wxNonOwnedWindow@@UEAA_NPEAVwxWindowBase@@@Z)
cMain.obj : error LNK2001: unresolved external symbol "public: virtual bool __cdecl wxNonOwnedWindow::IsThisEnabled(void)const " (?IsThisEnabled@wxNonOwnedWindow@@UEBA_NXZ)
cMain.obj : error LNK2001: unresolved external symbol "protected: virtual bool __cdecl wxNonOwnedWindow::DoClearShape(void)" (?DoClearShape@wxNonOwnedWindow@@MEAA_NXZ)
cMain.obj : error LNK2001: unresolved external symbol "protected: virtual bool __cdecl wxNonOwnedWindow::DoSetRegionShape(class wxRegion const &)" (?DoSetRegionShape@wxNonOwnedWindow@@MEAA_NAEBVwxRegion@@@Z)
cMain.obj : error LNK2001: unresolved external symbol "protected: virtual bool __cdecl wxNonOwnedWindow::DoSetPathShape(class wxGraphicsPath const &)" (?DoSetPathShape@wxNonOwnedWindow@@MEAA_NAEBVwxGraphicsPath@@@Z)
cMain.obj : error LNK2001: unresolved external symbol "public: virtual bool __cdecl wxTopLevelWindowBase::IsAlwaysMaximized(void)const " (?IsAlwaysMaximized@wxTopLevelWindowBase@@UEBA_NXZ)
cMain.obj : error LNK2001: unresolved external symbol "public: virtual bool __cdecl wxTopLevelWindowBase::IsTopNavigationDomain(enum wxWindowBase::NavigationKind)const " (?IsTopNavigationDomain@wxTopLevelWindowBase@@UEBA_NW4NavigationKind@wxWindowBase@@@Z)
cMain.obj : error LNK2001: unresolved external symbol "public: virtual bool __cdecl wxTopLevelWindowBase::Layout(void)" (?Layout@wxTopLevelWindowBase@@UEAA_NXZ)
cMain.obj : error LNK2001: unresolved external symbol "public: virtual void __cdecl wxTopLevelWindowBase::GetRectForTopLevelChildren(int *,int *,int *,int *)" (?GetRectForTopLevelChildren@wxTopLevelWindowBase@@UEAAXPEAH000@Z)
cMain.obj : error LNK2001: unresolved external symbol "public: virtual void __cdecl wxTopLevelWindowBase::DoUpdateWindowUI(class wxUpdateUIEvent &)" (?DoUpdateWindowUI@wxTopLevelWindowBase@@UEAAXAEAVwxUpdateUIEvent@@@Z)
cMain.obj : error LNK2001: unresolved external symbol "public: virtual void __cdecl wxTopLevelWindowBase::SetMinSize(class wxSize const &)" (?SetMinSize@wxTopLevelWindowBase@@UEAAXAEBVwxSize@@@Z)
cMain.obj : error LNK2001: unresolved external symbol "public: virtual void __cdecl wxTopLevelWindowBase::SetMaxSize(class wxSize const &)" (?SetMaxSize@wxTopLevelWindowBase@@UEAAXAEBVwxSize@@@Z)
cMain.obj : error LNK2001: unresolved external symbol "protected: virtual void __cdecl wxTopLevelWindowBase::DoClientToScreen(int *,int *)const " (?DoClientToScreen@wxTopLevelWindowBase@@MEBAXPEAH0@Z)
cMain.obj : error LNK2001: unresolved external symbol "protected: virtual void __cdecl wxTopLevelWindowBase::DoScreenToClient(int *,int *)const " (?DoScreenToClient@wxTopLevelWindowBase@@MEBAXPEAH0@Z)
cMain.obj : error LNK2001: unresolved external symbol "protected: virtual void __cdecl wxTopLevelWindowBase::DoCentre(int)" (?DoCentre@wxTopLevelWindowBase@@MEAAXH@Z)
cMain.obj : error LNK2001: unresolved external symbol "public: virtual void __cdecl wxTopLevelWindowMSW::SetTitle(class wxString const &)" (?SetTitle@wxTopLevelWindowMSW@@UEAAXAEBVwxString@@@Z)
cMain.obj : error LNK2001: unresolved external symbol "public: virtual class wxString __cdecl wxTopLevelWindowMSW::GetTitle(void)const " (?GetTitle@wxTopLevelWindowMSW@@UEBA?AVwxString@@XZ)
cMain.obj : error LNK2001: unresolved external symbol "public: virtual void __cdecl wxTopLevelWindowMSW::Maximize(bool)" (?Maximize@wxTopLevelWindowMSW@@UEAAX_N@Z)
cMain.obj : error LNK2001: unresolved external symbol "public: virtual bool __cdecl wxTopLevelWindowMSW::IsMaximized(void)const " (?IsMaximized@wxTopLevelWindowMSW@@UEBA_NXZ)
cMain.obj : error LNK2001: unresolved external symbol "public: virtual void __cdecl wxTopLevelWindowMSW::Iconize(bool)" (?Iconize@wxTopLevelWindowMSW@@UEAAX_N@Z)
cMain.obj : error LNK2001: unresolved external symbol "public: virtual bool __cdecl wxTopLevelWindowMSW::IsIconized(void)const " (?IsIconized@wxTopLevelWindowMSW@@UEBA_NXZ)
cMain.obj : error LNK2001: unresolved external symbol "public: virtual void __cdecl wxTopLevelWindowMSW::SetIcons(class wxIconBundle const &)" (?SetIcons@wxTopLevelWindowMSW@@UEAAXAEBVwxIconBundle@@@Z)
cMain.obj : error LNK2001: unresolved external symbol "public: virtual void __cdecl wxTopLevelWindowMSW::Restore(void)" (?Restore@wxTopLevelWindowMSW@@UEAAXXZ)
cMain.obj : error LNK2001: unresolved external symbol "public: virtual bool __cdecl wxTopLevelWindowMSW::Destroy(void)" (?Destroy@wxTopLevelWindowMSW@@UEAA_NXZ)
cMain.obj : error LNK2001: unresolved external symbol "public: virtual void __cdecl wxTopLevelWindowMSW::SetLayoutDirection(enum wxLayoutDirection)" (?SetLayoutDirection@wxTopLevelWindowMSW@@UEAAXW4wxLayoutDirection@@@Z)
cMain.obj : error LNK2001: unresolved external symbol "public: virtual void __cdecl wxTopLevelWindowMSW::RequestUserAttention(int)" (?RequestUserAttention@wxTopLevelWindowMSW@@UEAAXH@Z)
cMain.obj : error LNK2001: unresolved external symbol "public: virtual bool __cdecl wxTopLevelWindowMSW::Show(bool)" (?Show@wxTopLevelWindowMSW@@UEAA_N_N@Z)
cMain.obj : error LNK2001: unresolved external symbol "public: virtual void __cdecl wxTopLevelWindowMSW::Raise(void)" (?Raise@wxTopLevelWindowMSW@@UEAAXXZ)
cMain.obj : error LNK2001: unresolved external symbol "public: virtual void __cdecl wxTopLevelWindowMSW::ShowWithoutActivating(void)" (?ShowWithoutActivating@wxTopLevelWindowMSW@@UEAAXXZ)
cMain.obj : error LNK2001: unresolved external symbol "public: virtual enum wxContentProtection __cdecl wxTopLevelWindowMSW::GetContentProtection(void)const " (?GetContentProtection@wxTopLevelWindowMSW@@UEBA?AW4wxContentProtection@@XZ)
cMain.obj : error LNK2001: unresolved external symbol "public: virtual bool __cdecl wxTopLevelWindowMSW::SetContentProtection(enum wxContentProtection)" (?SetContentProtection@wxTopLevelWindowMSW@@UEAA_NW4wxContentProtection@@@Z)
cMain.obj : error LNK2001: unresolved external symbol "public: virtual bool __cdecl wxTopLevelWindowMSW::EnableCloseButton(bool)" (?EnableCloseButton@wxTopLevelWindowMSW@@UEAA_N_N@Z)
cMain.obj : error LNK2001: unresolved external symbol "public: virtual bool __cdecl wxTopLevelWindowMSW::EnableMaximizeButton(bool)" (?EnableMaximizeButton@wxTopLevelWindowMSW@@UEAA_N_N@Z)
cMain.obj : error LNK2001: unresolved external symbol "public: virtual bool __cdecl wxTopLevelWindowMSW::EnableMinimizeButton(bool)" (?EnableMinimizeButton@wxTopLevelWindowMSW@@UEAA_N_N@Z)
cMain.obj : error LNK2001: unresolved external symbol "public: virtual bool __cdecl wxTopLevelWindowMSW::SetTransparent(unsigned char)" (?SetTransparent@wxTopLevelWindowMSW@@UEAA_NE@Z)
cMain.obj : error LNK2001: unresolved external symbol "public: virtual bool __cdecl wxTopLevelWindowMSW::CanSetTransparent(void)" (?CanSetTransparent@wxTopLevelWindowMSW@@UEAA_NXZ)
cMain.obj : error LNK2001: unresolved external symbol "public: virtual unsigned long __cdecl wxTopLevelWindowMSW::MSWGetStyle(long,unsigned long *)const " (?MSWGetStyle@wxTopLevelWindowMSW@@UEBAKJPEAK@Z)
cMain.obj : error LNK2001: unresolved external symbol "public: virtual struct HWND__ * __cdecl wxTopLevelWindowMSW::MSWGetParent(void)const " (?MSWGetParent@wxTopLevelWindowMSW@@UEBAPEAUHWND__@@XZ)
cMain.obj : error LNK2001: unresolved external symbol "protected: virtual void __cdecl wxTopLevelWindowMSW::DoGetPosition(int *,int *)const " (?DoGetPosition@wxTopLevelWindowMSW@@MEBAXPEAH0@Z)
cMain.obj : error LNK2001: unresolved external symbol "protected: virtual void __cdecl wxTopLevelWindowMSW::DoGetSize(int *,int *)const " (?DoGetSize@wxTopLevelWindowMSW@@MEBAXPEAH0@Z)
cMain.obj : error LNK2001: unresolved external symbol "protected: virtual void __cdecl wxTopLevelWindowMSW::DoFreeze(void)" (?DoFreeze@wxTopLevelWindowMSW@@MEAAXXZ)
cMain.obj : error LNK2001: unresolved external symbol "protected: virtual void __cdecl wxTopLevelWindowMSW::DoThaw(void)" (?DoThaw@wxTopLevelWindowMSW@@MEAAXXZ)
cMain.obj : error LNK2001: unresolved external symbol "protected: virtual void __cdecl wxTopLevelWindowMSW::MSWGetCreateWindowCoords(class wxPoint const &,class wxSize const &,int &,int &,int &,int &)const " (?MSWGetCreateWindowCoords@wxTopLevelWindowMSW@@MEBAXAEBVwxPoint@@AEBVwxSize@@AEAH222@Z)
cMain.obj : error LNK2019: unresolved external symbol "public: virtual __cdecl wxControlBase::~wxControlBase(void)" (??1wxControlBase@@UEAA@XZ) referenced in function "int `public: __cdecl wxControl::wxControl(void)'::`1'::dtor$0" (?dtor$0@?0???0wxControl@@QEAA@XZ@4HA)
cMain.obj : error LNK2001: unresolved external symbol "public: virtual void __cdecl wxControlBase::Command(class wxCommandEvent &)" (?Command@wxControlBase@@UEAAXAEAVwxCommandEvent@@@Z)
cMain.obj : error LNK2001: unresolved external symbol "public: virtual bool __cdecl wxControlBase::SetFont(class wxFont const &)" (?SetFont@wxControlBase@@UEAA_NAEBVwxFont@@@Z)
cMain.obj : error LNK2001: unresolved external symbol "public: virtual void __cdecl wxControlBase::DoUpdateWindowUI(class wxUpdateUIEvent &)" (?DoUpdateWindowUI@wxControlBase@@UEAAXAEAVwxUpdateUIEvent@@@Z)
cMain.obj : error LNK2019: unresolved external symbol "public: static class wxString __cdecl wxControlBase::GetLabelText(class wxString const &)" (?GetLabelText@wxControlBase@@SA?AVwxString@@AEBV2@@Z) referenced in function "public: virtual class wxString __cdecl wxControlBase::GetLabelText(void)const " (?GetLabelText@wxControlBase@@UEBA?AVwxString@@XZ)
cMain.obj : error LNK2019: unresolved external symbol "public: static class wxString __cdecl wxControlBase::EscapeMnemonics(class wxString const &)" (?EscapeMnemonics@wxControlBase@@SA?AVwxString@@AEBV2@@Z) referenced in function "public: virtual void __cdecl wxControlBase::SetLabelText(class wxString const &)" (?SetLabelText@wxControlBase@@UEAAXAEBVwxString@@@Z)
cMain.obj : error LNK2001: unresolved external symbol "protected: virtual enum wxBorder __cdecl wxControlBase::GetDefaultBorder(void)const " (?GetDefaultBorder@wxControlBase@@MEBA?AW4wxBorder@@XZ)
cMain.obj : error LNK2001: unresolved external symbol "protected: virtual bool __cdecl wxControlBase::DoSetLabelMarkup(class wxString const &)" (?DoSetLabelMarkup@wxControlBase@@MEAA_NAEBVwxString@@@Z)
cMain.obj : error LNK2001: unresolved external symbol "protected: virtual class wxSize __cdecl wxControlBase::DoGetSizeFromTextSize(int,int)const " (?DoGetSizeFromTextSize@wxControlBase@@MEBA?AVwxSize@@HH@Z)
cMain.obj : error LNK2019: unresolved external symbol "public: static struct wxVisualAttributes __cdecl wxControl::GetClassDefaultAttributes(enum wxWindowVariant)" (?GetClassDefaultAttributes@wxControl@@SA?AUwxVisualAttributes@@W4wxWindowVariant@@@Z) referenced in function "public: virtual struct wxVisualAttributes __cdecl wxControl::GetDefaultAttributes(void)const " (?GetDefaultAttributes@wxControl@@UEBA?AUwxVisualAttributes@@XZ)
cMain.obj : error LNK2019: unresolved external symbol "public: bool __cdecl wxControl::ProcessCommand(class wxCommandEvent &)" (?ProcessCommand@wxControl@@QEAA_NAEAVwxCommandEvent@@@Z) referenced in function "public: virtual void __cdecl wxControl::Command(class wxCommandEvent &)" (?Command@wxControl@@UEAAXAEAVwxCommandEvent@@@Z)
cMain.obj : error LNK2001: unresolved external symbol "public: virtual bool __cdecl wxControl::MSWOnNotify(int,__int64,__int64 *)" (?MSWOnNotify@wxControl@@UEAA_NH_JPEA_J@Z)
cMain.obj : error LNK2001: unresolved external symbol "public: virtual struct HBRUSH__ * __cdecl wxControl::MSWControlColor(struct HDC__ *,struct HWND__ *)" (?MSWControlColor@wxControl@@UEAAPEAUHBRUSH__@@PEAUHDC__@@PEAUHWND__@@@Z)
cMain.obj : error LNK2001: unresolved external symbol "public: virtual unsigned long __cdecl wxControl::MSWGetStyle(long,unsigned long *)const " (?MSWGetStyle@wxControl@@UEBAKJPEAK@Z)
cMain.obj : error LNK2001: unresolved external symbol "protected: virtual enum wxBorder __cdecl wxControl::GetDefaultBorder(void)const " (?GetDefaultBorder@wxControl@@MEBA?AW4wxBorder@@XZ)
cMain.obj : error LNK2001: unresolved external symbol "protected: virtual class wxSize __cdecl wxControl::DoGetBestSize(void)const " (?DoGetBestSize@wxControl@@MEBA?AVwxSize@@XZ)
cMain.obj : error LNK2001: unresolved external symbol "protected: virtual struct HBRUSH__ * __cdecl wxControl::DoMSWControlColor(struct HDC__ *,class wxColour,struct HWND__ *)" (?DoMSWControlColor@wxControl@@MEAAPEAUHBRUSH__@@PEAUHDC__@@VwxColour@@PEAUHWND__@@@Z)
cMain.obj : error LNK2001: unresolved external symbol "protected: virtual class wxWindow * __cdecl wxControl::MSWFindItem(long,struct HWND__ *)const " (?MSWFindItem@wxControl@@MEBAPEAVwxWindow@@JPEAUHWND__@@@Z)
cMain.obj : error LNK2001: unresolved external symbol "public: virtual class wxClassInfo * __cdecl wxControl::GetClassInfo(void)const " (?GetClassInfo@wxControl@@UEBAPEAVwxClassInfo@@XZ)
cMain.obj : error LNK2019: unresolved external symbol "public: __cdecl wxFrameBase::wxFrameBase(void)" (??0wxFrameBase@@QEAA@XZ) referenced in function "public: __cdecl wxFrame::wxFrame(class wxWindow *,int,class wxString const &,class wxPoint const &,class wxSize const &,long,class wxString const &)" (??0wxFrame@@QEAA@PEAVwxWindow@@HAEBVwxString@@AEBVwxPoint@@AEBVwxSize@@J1@Z)
cMain.obj : error LNK2019: unresolved external symbol "public: virtual __cdecl wxFrameBase::~wxFrameBase(void)" (??1wxFrameBase@@UEAA@XZ) referenced in function "int `public: __cdecl wxFrame::wxFrame(class wxWindow *,int,class wxString const &,class wxPoint const &,class wxSize const &,long,class wxString const &)'::`1'::dtor$0" (?dtor$0@?0???0wxFrame@@QEAA@PEAVwxWindow@@HAEBVwxString@@AEBVwxPoint@@AEBVwxSize@@J1@Z@4HA)
cMain.obj : error LNK2001: unresolved external symbol "public: virtual void __cdecl wxFrameBase::SetMenuBar(class wxMenuBar *)" (?SetMenuBar@wxFrameBase@@UEAAXPEAVwxMenuBar@@@Z)
cMain.obj : error LNK2001: unresolved external symbol "public: virtual class wxMenuItem * __cdecl wxFrameBase::FindItemInMenuBar(int)const " (?FindItemInMenuBar@wxFrameBase@@UEBAPEAVwxMenuItem@@H@Z)
cMain.obj : error LNK2001: unresolved external symbol "public: virtual class wxStatusBar * __cdecl wxFrameBase::CreateStatusBar(int,long,int,class wxString const &)" (?CreateStatusBar@wxFrameBase@@UEAAPEAVwxStatusBar@@HJHAEBVwxString@@@Z)
cMain.obj : error LNK2001: unresolved external symbol "public: virtual void __cdecl wxFrameBase::SetStatusBar(class wxStatusBar *)" (?SetStatusBar@wxFrameBase@@UEAAXPEAVwxStatusBar@@@Z)
cMain.obj : error LNK2001: unresolved external symbol "public: virtual void __cdecl wxFrameBase::SetStatusText(class wxString const &,int)" (?SetStatusText@wxFrameBase@@UEAAXAEBVwxString@@H@Z)
cMain.obj : error LNK2001: unresolved external symbol "public: virtual void __cdecl wxFrameBase::SetStatusWidths(int,int const * const)" (?SetStatusWidths@wxFrameBase@@UEAAXHQEBH@Z)
cMain.obj : error LNK2001: unresolved external symbol "public: virtual class wxToolBar * __cdecl wxFrameBase::OnCreateToolBar(long,int,class wxString const &)" (?OnCreateToolBar@wxFrameBase@@UEAAPEAVwxToolBar@@JHAEBVwxString@@@Z)
cMain.obj : error LNK2001: unresolved external symbol "public: virtual void __cdecl wxFrameBase::SetToolBar(class wxToolBar *)" (?SetToolBar@wxFrameBase@@UEAAXPEAVwxToolBar@@@Z)
cMain.obj : error LNK2001: unresolved external symbol "public: virtual void __cdecl wxFrameBase::DoMenuUpdates(class wxMenu *)" (?DoMenuUpdates@wxFrameBase@@UEAAXPEAVwxMenu@@@Z)
cMain.obj : error LNK2001: unresolved external symbol "public: virtual void __cdecl wxFrameBase::UpdateWindowUI(long)" (?UpdateWindowUI@wxFrameBase@@UEAAXJ@Z)
cMain.obj : error LNK2001: unresolved external symbol "public: virtual void __cdecl wxFrameBase::OnInternalIdle(void)" (?OnInternalIdle@wxFrameBase@@UEAAXXZ)
cMain.obj : error LNK2001: unresolved external symbol "public: virtual void __cdecl wxFrameBase::DoGiveHelp(class wxString const &,bool)" (?DoGiveHelp@wxFrameBase@@UEAAXAEBVwxString@@_N@Z)
cMain.obj : error LNK2001: unresolved external symbol "protected: virtual bool __cdecl wxFrameBase::IsOneOfBars(class wxWindow const *)const " (?IsOneOfBars@wxFrameBase@@MEBA_NPEBVwxWindow@@@Z)
cMain.obj : error LNK2001: unresolved external symbol "protected: virtual void __cdecl wxFrameBase::DetachMenuBar(void)" (?DetachMenuBar@wxFrameBase@@MEAAXXZ)
cMain.obj : error LNK2019: unresolved external symbol "public: bool __cdecl wxFrame::Create(class wxWindow *,int,class wxString const &,class wxPoint const &,class wxSize const &,long,class wxString const &)" (?Create@wxFrame@@QEAA_NPEAVwxWindow@@HAEBVwxString@@AEBVwxPoint@@AEBVwxSize@@J1@Z) referenced in function "public: __cdecl wxFrame::wxFrame(class wxWindow *,int,class wxString const &,class wxPoint const &,class wxSize const &,long,class wxString const &)" (??0wxFrame@@QEAA@PEAVwxWindow@@HAEBVwxString@@AEBVwxPoint@@AEBVwxSize@@J1@Z)
cMain.obj : error LNK2019: unresolved external symbol "public: virtual __cdecl wxFrame::~wxFrame(void)" (??1wxFrame@@UEAA@XZ) referenced in function "int `public: __cdecl cMain::cMain(void)'::`1'::dtor$2" (?dtor$2@?0???0cMain@@QEAA@XZ@4HA)
cMain.obj : error LNK2001: unresolved external symbol "public: virtual bool __cdecl wxFrame::ShowFullScreen(bool,long)" (?ShowFullScreen@wxFrame@@UEAA_N_NJ@Z)
cMain.obj : error LNK2001: unresolved external symbol "public: virtual class wxToolBar * __cdecl wxFrame::CreateToolBar(long,int,class wxString const &)" (?CreateToolBar@wxFrame@@UEAAPEAVwxToolBar@@JHAEBVwxString@@@Z)
cMain.obj : error LNK2001: unresolved external symbol "public: virtual class wxStatusBar * __cdecl wxFrame::OnCreateStatusBar(int,long,int,class wxString const &)" (?OnCreateStatusBar@wxFrame@@UEAAPEAVwxStatusBar@@HJHAEBVwxString@@@Z)
cMain.obj : error LNK2001: unresolved external symbol "public: virtual void __cdecl wxFrame::SendSizeEvent(int)" (?SendSizeEvent@wxFrame@@UEAAXH@Z)
cMain.obj : error LNK2001: unresolved external symbol "public: virtual class wxPoint __cdecl wxFrame::GetClientAreaOrigin(void)const " (?GetClientAreaOrigin@wxFrame@@UEBA?AVwxPoint@@XZ)
cMain.obj : error LNK2001: unresolved external symbol "public: virtual __int64 __cdecl wxFrame::MSWWindowProc(unsigned int,unsigned __int64,__int64)" (?MSWWindowProc@wxFrame@@UEAA_JI_K_J@Z)
cMain.obj : error LNK2001: unresolved external symbol "public: virtual bool __cdecl wxFrame::HandleMenuSelect(unsigned short,unsigned short,struct HMENU__ *)" (?HandleMenuSelect@wxFrame@@UEAA_NGGPEAUHMENU__@@@Z)
cMain.obj : error LNK2001: unresolved external symbol "public: virtual bool __cdecl wxFrame::DoSendMenuOpenCloseEvent(int,class wxMenu *)" (?DoSendMenuOpenCloseEvent@wxFrame@@UEAA_NHPEAVwxMenu@@@Z)
cMain.obj : error LNK2001: unresolved external symbol "public: virtual class wxMenu * __cdecl wxFrame::MSWFindMenuFromHMENU(struct HMENU__ *)" (?MSWFindMenuFromHMENU@wxFrame@@UEAAPEAVwxMenu@@PEAUHMENU__@@@Z)
cMain.obj : error LNK2019: unresolved external symbol "protected: void __cdecl wxFrame::Init(void)" (?Init@wxFrame@@IEAAXXZ) referenced in function "public: __cdecl wxFrame::wxFrame(class wxWindow *,int,class wxString const &,class wxPoint const &,class wxSize const &,long,class wxString const &)" (??0wxFrame@@QEAA@PEAVwxWindow@@HAEBVwxString@@AEBVwxPoint@@AEBVwxSize@@J1@Z)
cMain.obj : error LNK2001: unresolved external symbol "protected: virtual void __cdecl wxFrame::DoGetClientSize(int *,int *)const " (?DoGetClientSize@wxFrame@@MEBAXPEAH0@Z)
cMain.obj : error LNK2001: unresolved external symbol "protected: virtual void __cdecl wxFrame::DoSetClientSize(int,int)" (?DoSetClientSize@wxFrame@@MEAAXHH@Z)
cMain.obj : error LNK2001: unresolved external symbol "protected: virtual void __cdecl wxFrame::AttachMenuBar(class wxMenuBar *)" (?AttachMenuBar@wxFrame@@MEAAXPEAVwxMenuBar@@@Z)
cMain.obj : error LNK2001: unresolved external symbol "protected: virtual void __cdecl wxFrame::InternalSetMenuBar(void)" (?InternalSetMenuBar@wxFrame@@MEAAXXZ)
cMain.obj : error LNK2019: unresolved external symbol "protected: bool __cdecl wxFrame::MSWDoTranslateMessage(class wxFrame *,struct tagMSG *)" (?MSWDoTranslateMessage@wxFrame@@IEAA_NPEAV1@PEAUtagMSG@@@Z) referenced in function "public: virtual bool __cdecl wxFrame::MSWTranslateMessage(struct tagMSG *)" (?MSWTranslateMessage@wxFrame@@UEAA_NPEAUtagMSG@@@Z)
cMain.obj : error LNK2001: unresolved external symbol "protected: virtual struct HICON__ * __cdecl wxFrame::GetDefaultIcon(void)const " (?GetDefaultIcon@wxFrame@@MEBAPEAUHICON__@@XZ)
cMain.obj : error LNK2001: unresolved external symbol "protected: virtual void __cdecl wxFrame::PositionToolBar(void)" (?PositionToolBar@wxFrame@@MEAAXXZ)
cMain.obj : error LNK2001: unresolved external symbol "protected: virtual void __cdecl wxFrame::PositionStatusBar(void)" (?PositionStatusBar@wxFrame@@MEAAXXZ)
cMain.obj : error LNK2001: unresolved external symbol "protected: virtual struct wxEventTable const * __cdecl wxFrame::GetEventTable(void)const " (?GetEventTable@wxFrame@@MEBAPEBUwxEventTable@@XZ)
cMain.obj : error LNK2001: unresolved external symbol "protected: virtual class wxEventHashTable & __cdecl wxFrame::GetEventHashTable(void)const " (?GetEventHashTable@wxFrame@@MEBAAEAVwxEventHashTable@@XZ)
cMain.obj : error LNK2001: unresolved external symbol "public: virtual class wxClassInfo * __cdecl wxFrame::GetClassInfo(void)const " (?GetClassInfo@wxFrame@@UEBAPEAVwxClassInfo@@XZ)
cMain.obj : error LNK2019: unresolved external symbol "public: virtual __cdecl wxBitmap::~wxBitmap(void)" (??1wxBitmap@@UEAA@XZ) referenced in function "public: virtual void * __cdecl wxBitmap::`scalar deleting destructor'(unsigned int)" (??_GwxBitmap@@UEAAPEAXI@Z)
cMain.obj : error LNK2001: unresolved external symbol "public: virtual bool __cdecl wxBitmap::Create(int,int,int)" (?Create@wxBitmap@@UEAA_NHHH@Z)
cMain.obj : error LNK2001: unresolved external symbol "public: virtual bool __cdecl wxBitmap::Create(int,int,class wxDC const &)" (?Create@wxBitmap@@UEAA_NHHAEBVwxDC@@@Z)
cMain.obj : error LNK2001: unresolved external symbol "public: virtual bool __cdecl wxBitmap::Create(void const *,enum wxBitmapType,int,int,int)" (?Create@wxBitmap@@UEAA_NPEBXW4wxBitmapType@@HHH@Z)
cMain.obj : error LNK2001: unresolved external symbol "public: virtual bool __cdecl wxBitmap::LoadFile(class wxString const &,enum wxBitmapType)" (?LoadFile@wxBitmap@@UEAA_NAEBVwxString@@W4wxBitmapType@@@Z)
cMain.obj : error LNK2001: unresolved external symbol "public: virtual bool __cdecl wxBitmap::SaveFile(class wxString const &,enum wxBitmapType,class wxPalette const *)const " (?SaveFile@wxBitmap@@UEBA_NAEBVwxString@@W4wxBitmapType@@PEBVwxPalette@@@Z)
cMain.obj : error LNK2001: unresolved external symbol "protected: virtual class wxGDIImageRefData * __cdecl wxBitmap::CreateData(void)const " (?CreateData@wxBitmap@@MEBAPEAVwxGDIImageRefData@@XZ)
cMain.obj : error LNK2001: unresolved external symbol "protected: virtual class wxGDIRefData * __cdecl wxBitmap::CloneGDIRefData(class wxGDIRefData const *)const " (?CloneGDIRefData@wxBitmap@@MEBAPEAVwxGDIRefData@@PEBV2@@Z)
cMain.obj : error LNK2001: unresolved external symbol "public: virtual class wxClassInfo * __cdecl wxBitmap::GetClassInfo(void)const " (?GetClassInfo@wxBitmap@@UEBAPEAVwxClassInfo@@XZ)
cMain.obj : error LNK2019: unresolved external symbol "public: virtual __cdecl wxAnyButton::~wxAnyButton(void)" (??1wxAnyButton@@UEAA@XZ) referenced in function "public: virtual __cdecl wxButtonBase::~wxButtonBase(void)" (??1wxButtonBase@@UEAA@XZ)
cMain.obj : error LNK2001: unresolved external symbol "public: virtual void __cdecl wxAnyButton::SetLabel(class wxString const &)" (?SetLabel@wxAnyButton@@UEAAXAEBVwxString@@@Z)
cMain.obj : error LNK2001: unresolved external symbol "public: virtual bool __cdecl wxAnyButton::SetBackgroundColour(class wxColour const &)" (?SetBackgroundColour@wxAnyButton@@UEAA_NAEBVwxColour@@@Z)
cMain.obj : error LNK2001: unresolved external symbol "public: virtual bool __cdecl wxAnyButton::SetForegroundColour(class wxColour const &)" (?SetForegroundColour@wxAnyButton@@UEAA_NAEBVwxColour@@@Z)
cMain.obj : error LNK2001: unresolved external symbol "public: virtual __int64 __cdecl wxAnyButton::MSWWindowProc(unsigned int,unsigned __int64,__int64)" (?MSWWindowProc@wxAnyButton@@UEAA_JI_K_J@Z)
cMain.obj : error LNK2001: unresolved external symbol "public: virtual bool __cdecl wxAnyButton::MSWOnDraw(void * *)" (?MSWOnDraw@wxAnyButton@@UEAA_NPEAPEAX@Z)
cMain.obj : error LNK2001: unresolved external symbol "protected: virtual class wxSize __cdecl wxAnyButton::DoGetBestSize(void)const " (?DoGetBestSize@wxAnyButton@@MEBA?AVwxSize@@XZ)
cMain.obj : error LNK2001: unresolved external symbol "protected: virtual class wxBitmap __cdecl wxAnyButton::DoGetBitmap(enum wxAnyButtonBase::State)const " (?DoGetBitmap@wxAnyButton@@MEBA?AVwxBitmap@@W4State@wxAnyButtonBase@@@Z)
cMain.obj : error LNK2001: unresolved external symbol "protected: virtual void __cdecl wxAnyButton::DoSetBitmap(class wxBitmapBundle const &,enum wxAnyButtonBase::State)" (?DoSetBitmap@wxAnyButton@@MEAAXAEBVwxBitmapBundle@@W4State@wxAnyButtonBase@@@Z)
cMain.obj : error LNK2001: unresolved external symbol "protected: virtual class wxSize __cdecl wxAnyButton::DoGetBitmapMargins(void)const " (?DoGetBitmapMargins@wxAnyButton@@MEBA?AVwxSize@@XZ)
cMain.obj : error LNK2001: unresolved external symbol "protected: virtual void __cdecl wxAnyButton::DoSetBitmapMargins(int,int)" (?DoSetBitmapMargins@wxAnyButton@@MEAAXHH@Z)
cMain.obj : error LNK2001: unresolved external symbol "protected: virtual void __cdecl wxAnyButton::DoSetBitmapPosition(enum wxDirection)" (?DoSetBitmapPosition@wxAnyButton@@MEAAXW4wxDirection@@@Z)
cMain.obj : error LNK2001: unresolved external symbol "protected: virtual bool __cdecl wxAnyButton::DoSetLabelMarkup(class wxString const &)" (?DoSetLabelMarkup@wxAnyButton@@MEAA_NAEBVwxString@@@Z)
cMain.obj : error LNK2001: unresolved external symbol "protected: virtual bool __cdecl wxAnyButton::MSWIsPushed(void)const " (?MSWIsPushed@wxAnyButton@@MEBA_NXZ)
cMain.obj : error LNK2001: unresolved external symbol "public: virtual class wxWindow * __cdecl wxButtonBase::SetDefault(void)" (?SetDefault@wxButtonBase@@UEAAPEAVwxWindow@@XZ)
cMain.obj : error LNK2019: unresolved external symbol "public: bool __cdecl wxButton::Create(class wxWindow *,int,class wxString const &,class wxPoint const &,class wxSize const &,long,class wxValidator const &,class wxString const &)" (?Create@wxButton@@QEAA_NPEAVwxWindow@@HAEBVwxString@@AEBVwxPoint@@AEBVwxSize@@JAEBVwxValidator@@1@Z) referenced in function "public: __cdecl wxButton::wxButton(class wxWindow *,int,class wxString const &,class wxPoint const &,class wxSize const &,long,class wxValidator const &,class wxString const &)" (??0wxButton@@QEAA@PEAVwxWindow@@HAEBVwxString@@AEBVwxPoint@@AEBVwxSize@@JAEBVwxValidator@@1@Z)
cMain.obj : error LNK2019: unresolved external symbol "public: virtual __cdecl wxButton::~wxButton(void)" (??1wxButton@@UEAA@XZ) referenced in function "public: virtual void * __cdecl wxButton::`scalar deleting destructor'(unsigned int)" (??_GwxButton@@UEAAPEAXI@Z)
cMain.obj : error LNK2001: unresolved external symbol "public: virtual class wxWindow * __cdecl wxButton::SetDefault(void)" (?SetDefault@wxButton@@UEAAPEAVwxWindow@@XZ)
cMain.obj : error LNK2001: unresolved external symbol "public: virtual void __cdecl wxButton::Command(class wxCommandEvent &)" (?Command@wxButton@@UEAAXAEAVwxCommandEvent@@@Z)
cMain.obj : error LNK2001: unresolved external symbol "public: virtual __int64 __cdecl wxButton::MSWWindowProc(unsigned int,unsigned __int64,__int64)" (?MSWWindowProc@wxButton@@UEAA_JI_K_J@Z)
cMain.obj : error LNK2001: unresolved external symbol "public: virtual bool __cdecl wxButton::MSWCommand(unsigned int,unsigned short)" (?MSWCommand@wxButton@@UEAA_NIG@Z)
cMain.obj : error LNK2001: unresolved external symbol "public: virtual unsigned long __cdecl wxButton::MSWGetStyle(long,unsigned long *)const " (?MSWGetStyle@wxButton@@UEBAKJPEAK@Z)
cMain.obj : error LNK2001: unresolved external symbol "protected: virtual bool __cdecl wxButton::DoGetAuthNeeded(void)const " (?DoGetAuthNeeded@wxButton@@MEBA_NXZ)
cMain.obj : error LNK2001: unresolved external symbol "protected: virtual void __cdecl wxButton::DoSetAuthNeeded(bool)" (?DoSetAuthNeeded@wxButton@@MEAAX_N@Z)
cMain.obj : error LNK2001: unresolved external symbol "protected: virtual struct wxEventTable const * __cdecl wxButton::GetEventTable(void)const " (?GetEventTable@wxButton@@MEBAPEBUwxEventTable@@XZ)
cMain.obj : error LNK2001: unresolved external symbol "protected: virtual class wxEventHashTable & __cdecl wxButton::GetEventHashTable(void)const " (?GetEventHashTable@wxButton@@MEBAAEAVwxEventHashTable@@XZ)
cMain.obj : error LNK2001: unresolved external symbol "public: virtual class wxClassInfo * __cdecl wxButton::GetClassInfo(void)const " (?GetClassInfo@wxButton@@UEBAPEAVwxClassInfo@@XZ)
cMain.obj : error LNK2019: unresolved external symbol "int __cdecl wxMessageBox(class wxString const &,class wxString const &,long,class wxWindow *,int,int)" (?wxMessageBox@@YAHAEBVwxString@@0JPEAVwxWindow@@HH@Z) referenced in function "public: void __cdecl cMain::OnButtonClicked(class wxCommandEvent &)" (?OnButtonClicked@cMain@@QEAAXAEAVwxCommandEvent@@@Z)
cMain.obj : error LNK2019: unresolved external symbol "public: __cdecl wxSizerItem::wxSizerItem(class wxWindow *,int,int,int,class wxObject *)" (??0wxSizerItem@@QEAA@PEAVwxWindow@@HHHPEAVwxObject@@@Z) referenced in function "public: class wxSizerItem * __cdecl wxSizer::Add(class wxWindow *,int,int,int,class wxObject *)" (?Add@wxSizer@@QEAAPEAVwxSizerItem@@PEAVwxWindow@@HHHPEAVwxObject@@@Z)
cMain.obj : error LNK2019: unresolved external symbol "public: __cdecl wxGridSizer::wxGridSizer(int,int,int,int)" (??0wxGridSizer@@QEAA@HHHH@Z) referenced in function "public: __cdecl cMain::cMain(void)" (??0cMain@@QEAA@XZ)
cMain.obj : error LNK2001: unresolved external symbol "void (__cdecl* wxTheAssertHandler)(class wxString const &,int,class wxString const &,class wxString const &,class wxString const &)" (?wxTheAssertHandler@@3P6AXAEBVwxString@@H000@ZEA)
cMain.obj : error LNK2001: unresolved external symbol "bool wxTrapInAssert" (?wxTrapInAssert@@3_NA)
cMain.obj : error LNK2001: unresolved external symbol "class wxMBConv * wxConvLibcPtr" (?wxConvLibcPtr@@3PEAVwxMBConv@@EA)
cMain.obj : error LNK2001: unresolved external symbol "wchar_t const * const wxEmptyString" (?wxEmptyString@@3PEB_WEB)
cMain.obj : error LNK2001: unresolved external symbol "public: static unsigned __int64 const wxString::npos" (?npos@wxString@@2_KB)
cMain.obj : error LNK2001: unresolved external symbol "class wxSize const wxDefaultSize" (?wxDefaultSize@@3VwxSize@@B)
cMain.obj : error LNK2001: unresolved external symbol "class wxPoint const wxDefaultPosition" (?wxDefaultPosition@@3VwxPoint@@B)
cMain.obj : error LNK2001: unresolved external symbol "int const wxEVT_NULL" (?wxEVT_NULL@@3HB)
cMain.obj : error LNK2001: unresolved external symbol "class wxEventTypeTag<class wxCommandEvent> const wxEVT_BUTTON" (?wxEVT_BUTTON@@3V?$wxEventTypeTag@VwxCommandEvent@@@@B)
cMain.obj : error LNK2001: unresolved external symbol "class wxValidator const wxDefaultValidator" (?wxDefaultValidator@@3VwxValidator@@B)
cMain.obj : error LNK2001: unresolved external symbol "char const * const wxFrameNameStr" (?wxFrameNameStr@@3QBDB)
cMain.obj : error LNK2001: unresolved external symbol "char const * const wxButtonNameStr" (?wxButtonNameStr@@3QBDB)
cMain.obj : error LNK2001: unresolved external symbol "char const * const wxMessageBoxCaptionStr" (?wxMessageBoxCaptionStr@@3QBDB)
C:\wxWidgets\lib\vc_lib\wxbase31ud.lib : warning LNK4272: library machine type 'x86' conflicts with target machine type 'x64'
C:\wxWidgets\lib\vc_lib\wxbase31ud_net.lib : warning LNK4272: library machine type 'x86' conflicts with target machine type 'x64'
C:\wxWidgets\lib\vc_lib\wxbase31ud_xml.lib : warning LNK4272: library machine type 'x86' conflicts with target machine type 'x64'
C:\wxWidgets\lib\vc_lib\wxexpatd.lib : warning LNK4272: library machine type 'x86' conflicts with target machine type 'x64'
C:\wxWidgets\lib\vc_lib\wxregexud.lib : warning LNK4272: library machine type 'x86' conflicts with target machine type 'x64'
C:\wxWidgets\lib\vc_lib\wxzlibd.lib : warning LNK4272: library machine type 'x86' conflicts with target machine type 'x64'
C:\wxWidgets\lib\vc_lib\wxjpegd.lib : warning LNK4272: library machine type 'x86' conflicts with target machine type 'x64'
C:\wxWidgets\lib\vc_lib\wxpngd.lib : warning LNK4272: library machine type 'x86' conflicts with target machine type 'x64'
C:\wxWidgets\lib\vc_lib\wxtiffd.lib : warning LNK4272: library machine type 'x86' conflicts with target machine type 'x64'
C:\wxWidgets\lib\vc_lib\wxscintillad.lib : warning LNK4272: library machine type 'x86' conflicts with target machine type 'x64'
C:\wxWidgets\lib\vc_lib\wxmsw31ud_core.lib : warning LNK4272: library machine type 'x86' conflicts with target machine type 'x64'
C:\wxWidgets\lib\vc_lib\wxmsw31ud_html.lib : warning LNK4272: library machine type 'x86' conflicts with target machine type 'x64'
C:\wxWidgets\lib\vc_lib\wxmsw31ud_qa.lib : warning LNK4272: library machine type 'x86' conflicts with target machine type 'x64'
C:\wxWidgets\lib\vc_lib\wxmsw31ud_xrc.lib : warning LNK4272: library machine type 'x86' conflicts with target machine type 'x64'
C:\wxWidgets\lib\vc_lib\wxmsw31ud_aui.lib : warning LNK4272: library machine type 'x86' conflicts with target machine type 'x64'
C:\wxWidgets\lib\vc_lib\wxmsw31ud_propgrid.lib : warning LNK4272: library machine type 'x86' conflicts with target machine type 'x64'
C:\wxWidgets\lib\vc_lib\wxmsw31ud_ribbon.lib : warning LNK4272: library machine type 'x86' conflicts with target machine type 'x64'
C:\wxWidgets\lib\vc_lib\wxmsw31ud_richtext.lib : warning LNK4272: library machine type 'x86' conflicts with target machine type 'x64'
C:\wxWidgets\lib\vc_lib\wxmsw31ud_media.lib : warning LNK4272: library machine type 'x86' conflicts with target machine type 'x64'
C:\wxWidgets\lib\vc_lib\wxmsw31ud_stc.lib : warning LNK4272: library machine type 'x86' conflicts with target machine type 'x64'
C:\wxWidgets\lib\vc_lib\wxmsw31ud_webview.lib : warning LNK4272: library machine type 'x86' conflicts with target machine type 'x64'
C:\wxWidgets\lib\vc_lib\wxmsw31ud_gl.lib : warning LNK4272: library machine type 'x86' conflicts with target machine type 'x64'
C:\Users\duckf\OneDrive\Desktop\Working\SWE\SchmidtCalvin_Lab1.4Mine\x64\Debug\SchmidtCalvin_Lab1.4Mine.exe : fatal error LNK1120: 437 unresolved externals
